#! /usr/local/bin/vvp
:ivl_version "11.0 (stable)" "(v11_0)";
:ivl_delay_selection "TYPICAL";
:vpi_time_precision + 0;
:vpi_module "/usr/local/lib/ivl/system.vpi";
:vpi_module "/usr/local/lib/ivl/vhdl_sys.vpi";
:vpi_module "/usr/local/lib/ivl/vhdl_textio.vpi";
:vpi_module "/usr/local/lib/ivl/v2005_math.vpi";
:vpi_module "/usr/local/lib/ivl/va_math.vpi";
S_0x55e536b59110 .scope module, "top_tb" "top_tb" 2 3;
 .timescale 0 0;
v0x55e536b7c050_0 .var "clk", 0 0;
v0x55e536b7c0f0_0 .var "reset", 0 0;
S_0x55e536b2f780 .scope module, "UUT" "Top" 2 13, 3 16 0, S_0x55e536b59110;
 .timescale 0 0;
    .port_info 0 /INPUT 1 "clk";
    .port_info 1 /INPUT 1 "reset";
v0x55e536b7b7b0_0 .net "clk", 0 0, v0x55e536b7c050_0;  1 drivers
v0x55e536b7b850_0 .net "dmemAdrs", 31 0, L_0x55e536b7d2b0;  1 drivers
v0x55e536b7b960_0 .net "dmemDataRead", 31 0, v0x55e536b7a9d0_0;  1 drivers
v0x55e536b7ba90_0 .net "dmemDataStore", 31 0, L_0x55e536b7c7f0;  1 drivers
v0x55e536b7bb50_0 .net "dmemMode", 2 0, v0x55e536b15700_0;  1 drivers
v0x55e536b7bc10_0 .net "dmemWE", 0 0, v0x55e536b29d80_0;  1 drivers
v0x55e536b7bcb0_0 .net "inst", 31 0, L_0x55e536b8d9c0;  1 drivers
v0x55e536b7be00_0 .net "pc", 31 0, L_0x55e536b7c980;  1 drivers
v0x55e536b7bec0_0 .net "reset", 0 0, v0x55e536b7c0f0_0;  1 drivers
S_0x55e536b28ac0 .scope module, "RV32I_Logic" "Single_Cycle_RV32I" 3 24, 4 15 0, S_0x55e536b2f780;
 .timescale 0 0;
    .port_info 0 /INPUT 1 "clk";
    .port_info 1 /INPUT 1 "reset";
    .port_info 2 /INPUT 32 "inst";
    .port_info 3 /OUTPUT 32 "pc";
    .port_info 4 /OUTPUT 1 "dmemWE";
    .port_info 5 /OUTPUT 3 "dmemMode";
    .port_info 6 /OUTPUT 32 "dmemAdrs";
    .port_info 7 /INPUT 32 "dmemDataRead";
    .port_info 8 /OUTPUT 32 "dmemDataStore";
L_0x55e536b7d2b0 .functor BUFZ 32, L_0x55e536b7d110, C4<00000000000000000000000000000000>, C4<00000000000000000000000000000000>, C4<00000000000000000000000000000000>;
v0x55e536b792f0_0 .net "ALUControl", 3 0, v0x55e536ab6870_0;  1 drivers
v0x55e536b793d0_0 .net "ALUResults", 31 0, L_0x55e536b7d110;  1 drivers
v0x55e536b79490_0 .net "clk", 0 0, v0x55e536b7c050_0;  alias, 1 drivers
v0x55e536b79530_0 .net "dmemAdrs", 31 0, L_0x55e536b7d2b0;  alias, 1 drivers
v0x55e536b795d0_0 .net "dmemDataRead", 31 0, v0x55e536b7a9d0_0;  alias, 1 drivers
v0x55e536b796e0_0 .net "dmemDataStore", 31 0, L_0x55e536b7c7f0;  alias, 1 drivers
v0x55e536b797a0_0 .net "dmemMode", 2 0, v0x55e536b15700_0;  alias, 1 drivers
v0x55e536b79840_0 .net "dmemWE", 0 0, v0x55e536b29d80_0;  alias, 1 drivers
v0x55e536b798e0_0 .net "immSEL", 2 0, v0x55e536b71630_0;  1 drivers
v0x55e536b79a10_0 .net "inst", 31 0, L_0x55e536b8d9c0;  alias, 1 drivers
v0x55e536b79ab0_0 .net "pc", 31 0, L_0x55e536b7c980;  alias, 1 drivers
v0x55e536b79b70_0 .net "pcSEL", 1 0, v0x55e536b71990_0;  1 drivers
v0x55e536b79c10_0 .net "regSEL", 1 0, v0x55e536b71a70_0;  1 drivers
v0x55e536b79cd0_0 .net "regWE", 0 0, v0x55e536b71b50_0;  1 drivers
v0x55e536b79d70_0 .net "reset", 0 0, v0x55e536b7c0f0_0;  alias, 1 drivers
v0x55e536b79ea0_0 .net "rs1SEL", 0 0, v0x55e536b71cd0_0;  1 drivers
v0x55e536b79f40_0 .net "rs2SEL", 0 0, v0x55e536b71d90_0;  1 drivers
L_0x55e536b8d750 .part L_0x55e536b7d110, 0, 1;
S_0x55e536b27e30 .scope module, "Single_Cycle_Control" "control_logic" 4 46, 5 15 0, S_0x55e536b28ac0;
 .timescale 0 0;
    .port_info 0 /INPUT 32 "inst";
    .port_info 1 /INPUT 1 "jump";
    .port_info 2 /OUTPUT 4 "ALUControl";
    .port_info 3 /OUTPUT 3 "dmemMode";
    .port_info 4 /OUTPUT 3 "immSEL";
    .port_info 5 /OUTPUT 2 "regSEL";
    .port_info 6 /OUTPUT 2 "pcSEL";
    .port_info 7 /OUTPUT 1 "dmemWE";
    .port_info 8 /OUTPUT 1 "regWE";
    .port_info 9 /OUTPUT 1 "rs1SEL";
    .port_info 10 /OUTPUT 1 "rs2SEL";
    .port_info 11 /INPUT 1 "clk";
    .port_info 12 /INPUT 1 "reset";
v0x55e536ab6870_0 .var "ALUControl", 3 0;
v0x55e536b13a10_0 .net "clk", 0 0, v0x55e536b7c050_0;  alias, 1 drivers
v0x55e536b15700_0 .var "dmemMode", 2 0;
v0x55e536b29d80_0 .var "dmemWE", 0 0;
v0x55e536b29e20_0 .net "funct3", 2 0, L_0x55e536b8d610;  1 drivers
v0x55e536b71550_0 .net "funct7", 6 0, L_0x55e536b8d6b0;  1 drivers
v0x55e536b71630_0 .var "immSEL", 2 0;
v0x55e536b71710_0 .net "inst", 31 0, L_0x55e536b8d9c0;  alias, 1 drivers
v0x55e536b717f0_0 .net "jump", 0 0, L_0x55e536b8d750;  1 drivers
v0x55e536b718b0_0 .net "opcode", 6 0, L_0x55e536b8d570;  1 drivers
v0x55e536b71990_0 .var "pcSEL", 1 0;
v0x55e536b71a70_0 .var "regSEL", 1 0;
v0x55e536b71b50_0 .var "regWE", 0 0;
v0x55e536b71c10_0 .net "reset", 0 0, v0x55e536b7c0f0_0;  alias, 1 drivers
v0x55e536b71cd0_0 .var "rs1SEL", 0 0;
v0x55e536b71d90_0 .var "rs2SEL", 0 0;
E_0x55e536b1fe60 .event edge, v0x55e536b718b0_0, v0x55e536b29e20_0, v0x55e536b717f0_0, v0x55e536b71550_0;
L_0x55e536b8d570 .part L_0x55e536b8d9c0, 0, 7;
L_0x55e536b8d610 .part L_0x55e536b8d9c0, 12, 3;
L_0x55e536b8d6b0 .part L_0x55e536b8d9c0, 25, 7;
S_0x55e536b71ff0 .scope module, "Single_Cycle_Datapath" "datapath" 4 29, 6 15 0, S_0x55e536b28ac0;
 .timescale 0 0;
    .port_info 0 /INPUT 1 "clk";
    .port_info 1 /INPUT 1 "reset";
    .port_info 2 /INPUT 1 "regWE";
    .port_info 3 /INPUT 1 "rs1sel";
    .port_info 4 /INPUT 1 "rs2sel";
    .port_info 5 /INPUT 2 "regsel";
    .port_info 6 /INPUT 2 "PCsel";
    .port_info 7 /INPUT 3 "ImmSel";
    .port_info 8 /INPUT 4 "ALUControl";
    .port_info 9 /INPUT 32 "Instr";
    .port_info 10 /INPUT 32 "dmemData";
    .port_info 11 /OUTPUT 32 "pc";
    .port_info 12 /OUTPUT 32 "dmemrs2";
    .port_info 13 /OUTPUT 32 "ALUout";
L_0x55e536b7c7f0 .functor BUFZ 32, L_0x55e536b7b220, C4<00000000000000000000000000000000>, C4<00000000000000000000000000000000>, C4<00000000000000000000000000000000>;
L_0x55e536b7c980 .functor BUFZ 32, v0x55e536b74b30_0, C4<00000000000000000000000000000000>, C4<00000000000000000000000000000000>, C4<00000000000000000000000000000000>;
L_0x55e536b7d110 .functor BUFZ 32, v0x55e536b73e30_0, C4<00000000000000000000000000000000>, C4<00000000000000000000000000000000>, C4<00000000000000000000000000000000>;
v0x55e536b77a70_0 .net "ALUControl", 3 0, v0x55e536ab6870_0;  alias, 1 drivers
v0x55e536b77ba0_0 .net "ALUResults", 31 0, v0x55e536b73e30_0;  1 drivers
v0x55e536b77c60_0 .net "ALUout", 31 0, L_0x55e536b7d110;  alias, 1 drivers
v0x55e536b77d20_0 .net "ExtImm", 31 0, v0x55e536b74270_0;  1 drivers
v0x55e536b77de0_0 .net "ImmSel", 2 0, v0x55e536b71630_0;  alias, 1 drivers
v0x55e536b77ef0_0 .net "Instr", 31 0, L_0x55e536b8d9c0;  alias, 1 drivers
v0x55e536b77fb0_0 .net "PC_next", 31 0, v0x55e536b74b30_0;  1 drivers
v0x55e536b780e0_0 .net "PC_now", 31 0, v0x55e536b755d0_0;  1 drivers
v0x55e536b781a0_0 .net "PCsel", 1 0, v0x55e536b71990_0;  alias, 1 drivers
v0x55e536b782f0_0 .net "clk", 0 0, v0x55e536b7c050_0;  alias, 1 drivers
v0x55e536b78390_0 .net "dmemData", 31 0, v0x55e536b7a9d0_0;  alias, 1 drivers
v0x55e536b78450_0 .net "dmemrs2", 31 0, L_0x55e536b7c7f0;  alias, 1 drivers
v0x55e536b78510_0 .net "muxrs1", 31 0, L_0x55e536b7cc30;  1 drivers
v0x55e536b78620_0 .net "muxrs2", 31 0, L_0x55e536b7cd60;  1 drivers
v0x55e536b78730_0 .net "pc", 31 0, L_0x55e536b7c980;  alias, 1 drivers
v0x55e536b78810_0 .net "pcPlusImm", 31 0, L_0x55e536b8d3c0;  1 drivers
v0x55e536b78920_0 .net "pcplus4", 31 0, L_0x55e536b7d210;  1 drivers
v0x55e536b789e0_0 .net "rdout1", 31 0, L_0x55e536b7b290;  1 drivers
v0x55e536b78af0_0 .net "rdout2", 31 0, L_0x55e536b7b220;  1 drivers
v0x55e536b78c00_0 .net "regWE", 0 0, v0x55e536b71b50_0;  alias, 1 drivers
v0x55e536b78cf0_0 .net "regsel", 1 0, v0x55e536b71a70_0;  alias, 1 drivers
v0x55e536b78e00_0 .net "reset", 0 0, v0x55e536b7c0f0_0;  alias, 1 drivers
v0x55e536b78ea0_0 .net "rs1sel", 0 0, v0x55e536b71cd0_0;  alias, 1 drivers
v0x55e536b78f90_0 .net "rs2sel", 0 0, v0x55e536b71d90_0;  alias, 1 drivers
v0x55e536b79080_0 .net "wrs3", 31 0, v0x55e536b778f0_0;  1 drivers
L_0x55e536b7c570 .part L_0x55e536b8d9c0, 15, 5;
L_0x55e536b7c660 .part L_0x55e536b8d9c0, 20, 5;
L_0x55e536b7c750 .part L_0x55e536b8d9c0, 7, 5;
L_0x55e536b7ca80 .part L_0x55e536b8d9c0, 7, 25;
S_0x55e536b72300 .scope module, "MUXrs1" "mux2" 6 62, 7 16 0, S_0x55e536b71ff0;
 .timescale 0 0;
    .port_info 0 /INPUT 32 "a";
    .port_info 1 /INPUT 32 "b";
    .port_info 2 /INPUT 1 "sel";
    .port_info 3 /OUTPUT 32 "y";
P_0x55e536b724e0 .param/l "WIDTH" 0 7 17, +C4<00000000000000000000000000100000>;
v0x55e536b72610_0 .net "a", 31 0, L_0x55e536b7b290;  alias, 1 drivers
v0x55e536b72710_0 .net "b", 31 0, v0x55e536b74b30_0;  alias, 1 drivers
v0x55e536b727f0_0 .net "sel", 0 0, v0x55e536b71cd0_0;  alias, 1 drivers
v0x55e536b72890_0 .net "y", 31 0, L_0x55e536b7cc30;  alias, 1 drivers
L_0x55e536b7cc30 .functor MUXZ 32, L_0x55e536b7b290, v0x55e536b74b30_0, v0x55e536b71cd0_0, C4<>;
S_0x55e536b729b0 .scope module, "MUXrs2" "mux2" 6 68, 7 16 0, S_0x55e536b71ff0;
 .timescale 0 0;
    .port_info 0 /INPUT 32 "a";
    .port_info 1 /INPUT 32 "b";
    .port_info 2 /INPUT 1 "sel";
    .port_info 3 /OUTPUT 32 "y";
P_0x55e536b72bb0 .param/l "WIDTH" 0 7 17, +C4<00000000000000000000000000100000>;
v0x55e536b72cc0_0 .net "a", 31 0, L_0x55e536b7b220;  alias, 1 drivers
v0x55e536b72da0_0 .net "b", 31 0, v0x55e536b74270_0;  alias, 1 drivers
v0x55e536b72e80_0 .net "sel", 0 0, v0x55e536b71d90_0;  alias, 1 drivers
v0x55e536b72f50_0 .net "y", 31 0, L_0x55e536b7cd60;  alias, 1 drivers
L_0x55e536b7cd60 .functor MUXZ 32, L_0x55e536b7b220, v0x55e536b74270_0, v0x55e536b71d90_0, C4<>;
S_0x55e536b730a0 .scope module, "adderImm" "adder" 6 102, 8 16 0, S_0x55e536b71ff0;
 .timescale 0 0;
    .port_info 0 /INPUT 32 "a";
    .port_info 1 /INPUT 32 "b";
    .port_info 2 /OUTPUT 32 "y";
P_0x55e536b73280 .param/l "WIDTH" 0 8 17, +C4<00000000000000000000000000100000>;
v0x55e536b733a0_0 .net "a", 31 0, v0x55e536b74b30_0;  alias, 1 drivers
v0x55e536b734b0_0 .net "b", 31 0, v0x55e536b74270_0;  alias, 1 drivers
v0x55e536b73580_0 .net "y", 31 0, L_0x55e536b8d3c0;  alias, 1 drivers
L_0x55e536b8d3c0 .arith/sum 32, v0x55e536b74b30_0, v0x55e536b74270_0;
S_0x55e536b736d0 .scope module, "alu" "alu32" 6 74, 9 16 0, S_0x55e536b71ff0;
 .timescale 0 0;
    .port_info 0 /INPUT 32 "a";
    .port_info 1 /INPUT 32 "b";
    .port_info 2 /INPUT 4 "ALUControl";
    .port_info 3 /OUTPUT 32 "result";
L_0x55e536b7ced0 .functor BUFZ 32, L_0x55e536b7cc30, C4<00000000000000000000000000000000>, C4<00000000000000000000000000000000>, C4<00000000000000000000000000000000>;
L_0x55e536b7cff0 .functor BUFZ 32, L_0x55e536b7cd60, C4<00000000000000000000000000000000>, C4<00000000000000000000000000000000>, C4<00000000000000000000000000000000>;
v0x55e536b73980_0 .net "ALUControl", 3 0, v0x55e536ab6870_0;  alias, 1 drivers
v0x55e536b73a90_0 .net "a", 31 0, L_0x55e536b7cc30;  alias, 1 drivers
v0x55e536b73b60_0 .net/s "a_signed", 31 0, L_0x55e536b7ced0;  1 drivers
v0x55e536b73c30_0 .net "b", 31 0, L_0x55e536b7cd60;  alias, 1 drivers
v0x55e536b73d20_0 .net/s "b_signed", 31 0, L_0x55e536b7cff0;  1 drivers
v0x55e536b73e30_0 .var "result", 31 0;
E_0x55e536b1ffc0/0 .event edge, v0x55e536ab6870_0, v0x55e536b72890_0, v0x55e536b72f50_0, v0x55e536b73b60_0;
E_0x55e536b1ffc0/1 .event edge, v0x55e536b73d20_0;
E_0x55e536b1ffc0 .event/or E_0x55e536b1ffc0/0, E_0x55e536b1ffc0/1;
S_0x55e536b73f90 .scope module, "extendImm" "extend" 6 57, 10 15 0, S_0x55e536b71ff0;
 .timescale 0 0;
    .port_info 0 /INPUT 25 "Instr";
    .port_info 1 /INPUT 3 "ImmSrc";
    .port_info 2 /OUTPUT 32 "ExtImm";
v0x55e536b74270_0 .var "ExtImm", 31 0;
v0x55e536b743a0_0 .net "ImmSrc", 2 0, v0x55e536b71630_0;  alias, 1 drivers
v0x55e536b74460_0 .net "Instr", 24 0, L_0x55e536b7ca80;  1 drivers
E_0x55e536a9fb70 .event edge, v0x55e536b74460_0, v0x55e536b71630_0;
S_0x55e536b74580 .scope module, "pcREG" "flopr" 6 50, 11 15 0, S_0x55e536b71ff0;
 .timescale 0 0;
    .port_info 0 /INPUT 32 "d";
    .port_info 1 /OUTPUT 32 "q";
    .port_info 2 /INPUT 1 "clk";
    .port_info 3 /INPUT 1 "reset";
P_0x55e536b72580 .param/l "INIT" 0 11 17, +C4<00000000000000000000000000000000>;
P_0x55e536b725c0 .param/l "WIDTH" 0 11 16, +C4<00000000000000000000000000100000>;
v0x55e536b74980_0 .net "clk", 0 0, v0x55e536b7c050_0;  alias, 1 drivers
v0x55e536b74a70_0 .net "d", 31 0, v0x55e536b755d0_0;  alias, 1 drivers
v0x55e536b74b30_0 .var "q", 31 0;
v0x55e536b74c50_0 .net "reset", 0 0, v0x55e536b7c0f0_0;  alias, 1 drivers
E_0x55e536b5a9a0 .event posedge, v0x55e536b71c10_0, v0x55e536b13a10_0;
S_0x55e536b74d80 .scope module, "pcmux" "mux4" 6 94, 12 16 0, S_0x55e536b71ff0;
 .timescale 0 0;
    .port_info 0 /INPUT 32 "a";
    .port_info 1 /INPUT 32 "b";
    .port_info 2 /INPUT 32 "c";
    .port_info 3 /INPUT 32 "d";
    .port_info 4 /INPUT 2 "sel";
    .port_info 5 /OUTPUT 32 "y";
P_0x55e536b74f60 .param/l "WIDTH" 0 12 17, +C4<00000000000000000000000000100000>;
v0x55e536b75130_0 .net "a", 31 0, L_0x55e536b7d210;  alias, 1 drivers
v0x55e536b75230_0 .net "b", 31 0, v0x55e536b73e30_0;  alias, 1 drivers
v0x55e536b75320_0 .net "c", 31 0, L_0x55e536b8d3c0;  alias, 1 drivers
L_0x7f08fc1960f0 .functor BUFT 1, C4<xxxxxxxxxxxxxxxxxxxxxxxxxxxxxxxx>, C4<0>, C4<0>, C4<0>;
v0x55e536b75420_0 .net "d", 31 0, L_0x7f08fc1960f0;  1 drivers
v0x55e536b754c0_0 .net "sel", 1 0, v0x55e536b71990_0;  alias, 1 drivers
v0x55e536b755d0_0 .var "y", 31 0;
E_0x55e536b750a0/0 .event edge, v0x55e536b71990_0, v0x55e536b75130_0, v0x55e536b73e30_0, v0x55e536b73580_0;
E_0x55e536b750a0/1 .event edge, v0x55e536b75420_0;
E_0x55e536b750a0 .event/or E_0x55e536b750a0/0, E_0x55e536b750a0/1;
S_0x55e536b75780 .scope module, "plus4" "adder" 6 81, 8 16 0, S_0x55e536b71ff0;
 .timescale 0 0;
    .port_info 0 /INPUT 32 "a";
    .port_info 1 /INPUT 32 "b";
    .port_info 2 /OUTPUT 32 "y";
P_0x55e536b75960 .param/l "WIDTH" 0 8 17, +C4<00000000000000000000000000100000>;
L_0x7f08fc1960a8 .functor BUFT 1, C4<00000000000000000000000000000100>, C4<0>, C4<0>, C4<0>;
v0x55e536b75aa0_0 .net "a", 31 0, L_0x7f08fc1960a8;  1 drivers
v0x55e536b75ba0_0 .net "b", 31 0, v0x55e536b74b30_0;  alias, 1 drivers
v0x55e536b75c60_0 .net "y", 31 0, L_0x55e536b7d210;  alias, 1 drivers
L_0x55e536b7d210 .arith/sum 32, L_0x7f08fc1960a8, v0x55e536b74b30_0;
S_0x55e536b75dc0 .scope module, "regFILE" "regfile" 6 38, 13 15 0, S_0x55e536b71ff0;
 .timescale 0 0;
    .port_info 0 /INPUT 5 "rs1";
    .port_info 1 /INPUT 5 "rs2";
    .port_info 2 /INPUT 32 "wrs3";
    .port_info 3 /INPUT 5 "rd";
    .port_info 4 /INPUT 1 "we";
    .port_info 5 /INPUT 1 "clk";
    .port_info 6 /INPUT 1 "reset";
    .port_info 7 /OUTPUT 32 "rdout1";
    .port_info 8 /OUTPUT 32 "rdout2";
L_0x55e536b7b290 .functor BUFZ 32, L_0x55e536b7c1b0, C4<00000000000000000000000000000000>, C4<00000000000000000000000000000000>, C4<00000000000000000000000000000000>;
L_0x55e536b7b220 .functor BUFZ 32, L_0x55e536b7c340, C4<00000000000000000000000000000000>, C4<00000000000000000000000000000000>, C4<00000000000000000000000000000000>;
v0x55e536b76080_0 .net *"_ivl_0", 31 0, L_0x55e536b7c1b0;  1 drivers
v0x55e536b76160_0 .net *"_ivl_10", 6 0, L_0x55e536b7c3e0;  1 drivers
L_0x7f08fc196060 .functor BUFT 1, C4<00>, C4<0>, C4<0>, C4<0>;
v0x55e536b76240_0 .net *"_ivl_13", 1 0, L_0x7f08fc196060;  1 drivers
v0x55e536b76330_0 .net *"_ivl_2", 6 0, L_0x55e536b7c250;  1 drivers
L_0x7f08fc196018 .functor BUFT 1, C4<00>, C4<0>, C4<0>, C4<0>;
v0x55e536b76410_0 .net *"_ivl_5", 1 0, L_0x7f08fc196018;  1 drivers
v0x55e536b76540_0 .net *"_ivl_8", 31 0, L_0x55e536b7c340;  1 drivers
v0x55e536b76620_0 .net "clk", 0 0, v0x55e536b7c050_0;  alias, 1 drivers
v0x55e536b76710_0 .var/i "i", 31 0;
v0x55e536b767f0_0 .net "rd", 4 0, L_0x55e536b7c750;  1 drivers
v0x55e536b76960_0 .net "rdout1", 31 0, L_0x55e536b7b290;  alias, 1 drivers
v0x55e536b76a20_0 .net "rdout2", 31 0, L_0x55e536b7b220;  alias, 1 drivers
v0x55e536b76ac0_0 .net "reset", 0 0, v0x55e536b7c0f0_0;  alias, 1 drivers
v0x55e536b76b60_0 .net "rs1", 4 0, L_0x55e536b7c570;  1 drivers
v0x55e536b76c20_0 .net "rs2", 4 0, L_0x55e536b7c660;  1 drivers
v0x55e536b76d00_0 .net "we", 0 0, v0x55e536b71b50_0;  alias, 1 drivers
v0x55e536b76da0_0 .net "wrs3", 31 0, v0x55e536b778f0_0;  alias, 1 drivers
v0x55e536b76e60 .array "x", 0 31, 31 0;
L_0x55e536b7c1b0 .array/port v0x55e536b76e60, L_0x55e536b7c250;
L_0x55e536b7c250 .concat [ 5 2 0 0], L_0x55e536b7c570, L_0x7f08fc196018;
L_0x55e536b7c340 .array/port v0x55e536b76e60, L_0x55e536b7c3e0;
L_0x55e536b7c3e0 .concat [ 5 2 0 0], L_0x55e536b7c660, L_0x7f08fc196060;
S_0x55e536b77090 .scope module, "regmux" "mux4" 6 86, 12 16 0, S_0x55e536b71ff0;
 .timescale 0 0;
    .port_info 0 /INPUT 32 "a";
    .port_info 1 /INPUT 32 "b";
    .port_info 2 /INPUT 32 "c";
    .port_info 3 /INPUT 32 "d";
    .port_info 4 /INPUT 2 "sel";
    .port_info 5 /OUTPUT 32 "y";
P_0x55e536b77220 .param/l "WIDTH" 0 12 17, +C4<00000000000000000000000000100000>;
v0x55e536b77420_0 .net "a", 31 0, v0x55e536b7a9d0_0;  alias, 1 drivers
v0x55e536b77520_0 .net "b", 31 0, v0x55e536b73e30_0;  alias, 1 drivers
v0x55e536b77630_0 .net "c", 31 0, v0x55e536b74270_0;  alias, 1 drivers
v0x55e536b776d0_0 .net "d", 31 0, L_0x55e536b7d210;  alias, 1 drivers
v0x55e536b777e0_0 .net "sel", 1 0, v0x55e536b71a70_0;  alias, 1 drivers
v0x55e536b778f0_0 .var "y", 31 0;
E_0x55e536b77390/0 .event edge, v0x55e536b71a70_0, v0x55e536b77420_0, v0x55e536b73e30_0, v0x55e536b72da0_0;
E_0x55e536b77390/1 .event edge, v0x55e536b75130_0;
E_0x55e536b77390 .event/or E_0x55e536b77390/0, E_0x55e536b77390/1;
S_0x55e536b7a210 .scope module, "dataMemory" "dmem" 3 35, 14 17 0, S_0x55e536b2f780;
 .timescale 0 0;
    .port_info 0 /INPUT 32 "a";
    .port_info 1 /OUTPUT 32 "rd";
    .port_info 2 /INPUT 32 "wd";
    .port_info 3 /INPUT 1 "clk";
    .port_info 4 /INPUT 1 "we";
    .port_info 5 /INPUT 3 "mode";
    .port_info 6 /INPUT 1 "reset";
v0x55e536b7a590_0 .net "a", 31 0, L_0x55e536b7d2b0;  alias, 1 drivers
v0x55e536b7a670_0 .net "clk", 0 0, v0x55e536b7c050_0;  alias, 1 drivers
v0x55e536b7a710_0 .var/i "i", 31 0;
v0x55e536b7a7b0 .array "mem", 255 0, 7 0;
v0x55e536b7a870_0 .net "mode", 2 0, v0x55e536b15700_0;  alias, 1 drivers
v0x55e536b7a9d0_0 .var "rd", 31 0;
v0x55e536b7aa90_0 .net "reset", 0 0, v0x55e536b7c0f0_0;  alias, 1 drivers
v0x55e536b7ab30_0 .net "wd", 31 0, L_0x55e536b7c7f0;  alias, 1 drivers
v0x55e536b7ac40_0 .net "we", 0 0, v0x55e536b29d80_0;  alias, 1 drivers
E_0x55e536b7a470/0 .event edge, v0x55e536b71c10_0;
E_0x55e536b7a470/1 .event posedge, v0x55e536b13a10_0;
E_0x55e536b7a470 .event/or E_0x55e536b7a470/0, E_0x55e536b7a470/1;
E_0x55e536b7a4d0/0 .event edge, v0x55e536b15700_0, v0x55e536b79530_0;
E_0x55e536b7a4d0/1 .event posedge, v0x55e536b13a10_0;
E_0x55e536b7a4d0 .event/or E_0x55e536b7a4d0/0, E_0x55e536b7a4d0/1;
E_0x55e536b7a530 .event posedge, v0x55e536b13a10_0;
S_0x55e536b7ae00 .scope module, "instrMemory" "imem" 3 44, 15 16 0, S_0x55e536b2f780;
 .timescale 0 0;
    .port_info 0 /INPUT 32 "a";
    .port_info 1 /OUTPUT 32 "rd";
P_0x55e536b7afe0 .param/str "INITIAL_DATA_PATH" 0 15 22, "/home/pigeonlord9000/Desktop/Single-Cycle-RV32I/imem.dat";
L_0x55e536b8d9c0 .functor BUFZ 32, L_0x55e536b8d820, C4<00000000000000000000000000000000>, C4<00000000000000000000000000000000>, C4<00000000000000000000000000000000>;
v0x55e536b7b300_0 .net *"_ivl_0", 31 0, L_0x55e536b8d820;  1 drivers
v0x55e536b7b400_0 .net *"_ivl_3", 29 0, L_0x55e536b8d920;  1 drivers
v0x55e536b7b4e0_0 .net "a", 31 0, L_0x55e536b7c980;  alias, 1 drivers
v0x55e536b7b580 .array "mem", 63 0, 31 0;
v0x55e536b7b640_0 .net "rd", 31 0, L_0x55e536b8d9c0;  alias, 1 drivers
L_0x55e536b8d820 .array/port v0x55e536b7b580, L_0x55e536b8d920;
L_0x55e536b8d920 .part L_0x55e536b7c980, 2, 30;
    .scope S_0x55e536b75dc0;
T_0 ;
    %pushi/vec4 0, 0, 32;
    %store/vec4 v0x55e536b76710_0, 0, 32;
    %end;
    .thread T_0;
    .scope S_0x55e536b75dc0;
T_1 ;
    %wait E_0x55e536b5a9a0;
    %load/vec4 v0x55e536b76ac0_0;
    %flag_set/vec4 8;
    %jmp/0xz  T_1.0, 8;
    %pushi/vec4 0, 0, 32;
    %store/vec4 v0x55e536b76710_0, 0, 32;
T_1.2 ;
    %load/vec4 v0x55e536b76710_0;
    %cmpi/s 32, 0, 32;
    %jmp/0xz T_1.3, 5;
    %pushi/vec4 0, 0, 32;
    %ix/getv/s 3, v0x55e536b76710_0;
    %ix/load 4, 0, 0; Constant delay
    %assign/vec4/a/d v0x55e536b76e60, 0, 4;
    %load/vec4 v0x55e536b76710_0;
    %addi 1, 0, 32;
    %store/vec4 v0x55e536b76710_0, 0, 32;
    %jmp T_1.2;
T_1.3 ;
    %jmp T_1.1;
T_1.0 ;
    %load/vec4 v0x55e536b76d00_0;
    %load/vec4 v0x55e536b767f0_0;
    %pad/u 32;
    %pushi/vec4 0, 0, 32;
    %cmp/ne;
    %flag_get/vec4 4;
    %and;
    %flag_set/vec4 8;
    %jmp/0xz  T_1.4, 8;
    %load/vec4 v0x55e536b76da0_0;
    %load/vec4 v0x55e536b767f0_0;
    %pad/u 7;
    %ix/vec4 3;
    %ix/load 4, 0, 0; Constant delay
    %assign/vec4/a/d v0x55e536b76e60, 0, 4;
T_1.4 ;
T_1.1 ;
    %jmp T_1;
    .thread T_1;
    .scope S_0x55e536b74580;
T_2 ;
    %pushi/vec4 0, 0, 32;
    %store/vec4 v0x55e536b74b30_0, 0, 32;
    %end;
    .thread T_2;
    .scope S_0x55e536b74580;
T_3 ;
    %wait E_0x55e536b5a9a0;
    %load/vec4 v0x55e536b74c50_0;
    %flag_set/vec4 8;
    %jmp/0 T_3.0, 8;
    %pushi/vec4 0, 0, 32;
    %jmp/1 T_3.1, 8;
T_3.0 ; End of true expr.
    %load/vec4 v0x55e536b74a70_0;
    %jmp/0 T_3.1, 8;
 ; End of false expr.
    %blend;
T_3.1;
    %assign/vec4 v0x55e536b74b30_0, 0;
    %jmp T_3;
    .thread T_3;
    .scope S_0x55e536b73f90;
T_4 ;
    %wait E_0x55e536a9fb70;
    %load/vec4 v0x55e536b743a0_0;
    %dup/vec4;
    %pushi/vec4 0, 0, 3;
    %cmp/u;
    %jmp/1 T_4.0, 6;
    %dup/vec4;
    %pushi/vec4 1, 0, 3;
    %cmp/u;
    %jmp/1 T_4.1, 6;
    %dup/vec4;
    %pushi/vec4 2, 0, 3;
    %cmp/u;
    %jmp/1 T_4.2, 6;
    %dup/vec4;
    %pushi/vec4 3, 0, 3;
    %cmp/u;
    %jmp/1 T_4.3, 6;
    %dup/vec4;
    %pushi/vec4 4, 0, 3;
    %cmp/u;
    %jmp/1 T_4.4, 6;
    %pushi/vec4 0, 0, 32;
    %assign/vec4 v0x55e536b74270_0, 0;
    %jmp T_4.6;
T_4.0 ;
    %load/vec4 v0x55e536b74460_0;
    %parti/s 20, 5, 4;
    %concati/vec4 0, 0, 12;
    %assign/vec4 v0x55e536b74270_0, 0;
    %jmp T_4.6;
T_4.1 ;
    %load/vec4 v0x55e536b74460_0;
    %parti/s 1, 24, 6;
    %replicate 21;
    %load/vec4 v0x55e536b74460_0;
    %parti/s 6, 18, 6;
    %concat/vec4; draw_concat_vec4
    %load/vec4 v0x55e536b74460_0;
    %parti/s 5, 0, 2;
    %concat/vec4; draw_concat_vec4
    %assign/vec4 v0x55e536b74270_0, 0;
    %jmp T_4.6;
T_4.2 ;
    %load/vec4 v0x55e536b74460_0;
    %parti/s 1, 24, 6;
    %replicate 20;
    %load/vec4 v0x55e536b74460_0;
    %parti/s 1, 0, 2;
    %concat/vec4; draw_concat_vec4
    %load/vec4 v0x55e536b74460_0;
    %parti/s 6, 18, 6;
    %concat/vec4; draw_concat_vec4
    %load/vec4 v0x55e536b74460_0;
    %parti/s 4, 1, 2;
    %concat/vec4; draw_concat_vec4
    %concati/vec4 0, 0, 1;
    %assign/vec4 v0x55e536b74270_0, 0;
    %jmp T_4.6;
T_4.3 ;
    %load/vec4 v0x55e536b74460_0;
    %parti/s 1, 24, 6;
    %replicate 21;
    %load/vec4 v0x55e536b74460_0;
    %parti/s 11, 13, 5;
    %concat/vec4; draw_concat_vec4
    %assign/vec4 v0x55e536b74270_0, 0;
    %jmp T_4.6;
T_4.4 ;
    %load/vec4 v0x55e536b74460_0;
    %parti/s 1, 24, 6;
    %replicate 13;
    %load/vec4 v0x55e536b74460_0;
    %parti/s 8, 5, 4;
    %concat/vec4; draw_concat_vec4
    %load/vec4 v0x55e536b74460_0;
    %parti/s 1, 13, 5;
    %concat/vec4; draw_concat_vec4
    %load/vec4 v0x55e536b74460_0;
    %parti/s 10, 14, 5;
    %concat/vec4; draw_concat_vec4
    %concati/vec4 0, 0, 1;
    %pad/u 32;
    %assign/vec4 v0x55e536b74270_0, 0;
    %jmp T_4.6;
T_4.6 ;
    %pop/vec4 1;
    %jmp T_4;
    .thread T_4, $push;
    .scope S_0x55e536b736d0;
T_5 ;
    %wait E_0x55e536b1ffc0;
    %load/vec4 v0x55e536b73980_0;
    %dup/vec4;
    %pushi/vec4 0, 0, 4;
    %cmp/u;
    %jmp/1 T_5.0, 6;
    %dup/vec4;
    %pushi/vec4 1, 0, 4;
    %cmp/u;
    %jmp/1 T_5.1, 6;
    %dup/vec4;
    %pushi/vec4 2, 0, 4;
    %cmp/u;
    %jmp/1 T_5.2, 6;
    %dup/vec4;
    %pushi/vec4 3, 0, 4;
    %cmp/u;
    %jmp/1 T_5.3, 6;
    %dup/vec4;
    %pushi/vec4 4, 0, 4;
    %cmp/u;
    %jmp/1 T_5.4, 6;
    %dup/vec4;
    %pushi/vec4 5, 0, 4;
    %cmp/u;
    %jmp/1 T_5.5, 6;
    %dup/vec4;
    %pushi/vec4 6, 0, 4;
    %cmp/u;
    %jmp/1 T_5.6, 6;
    %dup/vec4;
    %pushi/vec4 7, 0, 4;
    %cmp/u;
    %jmp/1 T_5.7, 6;
    %dup/vec4;
    %pushi/vec4 8, 0, 4;
    %cmp/u;
    %jmp/1 T_5.8, 6;
    %dup/vec4;
    %pushi/vec4 9, 0, 4;
    %cmp/u;
    %jmp/1 T_5.9, 6;
    %dup/vec4;
    %pushi/vec4 10, 0, 4;
    %cmp/u;
    %jmp/1 T_5.10, 6;
    %dup/vec4;
    %pushi/vec4 11, 0, 4;
    %cmp/u;
    %jmp/1 T_5.11, 6;
    %dup/vec4;
    %pushi/vec4 12, 0, 4;
    %cmp/u;
    %jmp/1 T_5.12, 6;
    %dup/vec4;
    %pushi/vec4 13, 0, 4;
    %cmp/u;
    %jmp/1 T_5.13, 6;
    %pushi/vec4 4294967295, 4294967295, 32;
    %assign/vec4 v0x55e536b73e30_0, 0;
    %jmp T_5.15;
T_5.0 ;
    %load/vec4 v0x55e536b73a90_0;
    %load/vec4 v0x55e536b73c30_0;
    %add;
    %assign/vec4 v0x55e536b73e30_0, 0;
    %jmp T_5.15;
T_5.1 ;
    %load/vec4 v0x55e536b73a90_0;
    %load/vec4 v0x55e536b73c30_0;
    %sub;
    %assign/vec4 v0x55e536b73e30_0, 0;
    %jmp T_5.15;
T_5.2 ;
    %load/vec4 v0x55e536b73a90_0;
    %load/vec4 v0x55e536b73c30_0;
    %and;
    %assign/vec4 v0x55e536b73e30_0, 0;
    %jmp T_5.15;
T_5.3 ;
    %load/vec4 v0x55e536b73a90_0;
    %load/vec4 v0x55e536b73c30_0;
    %or;
    %assign/vec4 v0x55e536b73e30_0, 0;
    %jmp T_5.15;
T_5.4 ;
    %load/vec4 v0x55e536b73a90_0;
    %load/vec4 v0x55e536b73c30_0;
    %xor;
    %assign/vec4 v0x55e536b73e30_0, 0;
    %jmp T_5.15;
T_5.5 ;
    %load/vec4 v0x55e536b73a90_0;
    %load/vec4 v0x55e536b73c30_0;
    %parti/s 5, 0, 2;
    %ix/vec4 4;
    %shiftl 4;
    %assign/vec4 v0x55e536b73e30_0, 0;
    %jmp T_5.15;
T_5.6 ;
    %load/vec4 v0x55e536b73a90_0;
    %load/vec4 v0x55e536b73c30_0;
    %parti/s 5, 0, 2;
    %ix/vec4 4;
    %shiftr 4;
    %assign/vec4 v0x55e536b73e30_0, 0;
    %jmp T_5.15;
T_5.7 ;
    %load/vec4 v0x55e536b73a90_0;
    %load/vec4 v0x55e536b73c30_0;
    %parti/s 5, 0, 2;
    %ix/vec4 4;
    %shiftr 4;
    %assign/vec4 v0x55e536b73e30_0, 0;
    %jmp T_5.15;
T_5.8 ;
    %load/vec4 v0x55e536b73a90_0;
    %load/vec4 v0x55e536b73c30_0;
    %cmp/e;
    %flag_mov 8, 4;
    %jmp/0 T_5.16, 8;
    %pushi/vec4 1, 0, 32;
    %jmp/1 T_5.17, 8;
T_5.16 ; End of true expr.
    %pushi/vec4 0, 0, 32;
    %jmp/0 T_5.17, 8;
 ; End of false expr.
    %blend;
T_5.17;
    %assign/vec4 v0x55e536b73e30_0, 0;
    %jmp T_5.15;
T_5.9 ;
    %load/vec4 v0x55e536b73a90_0;
    %load/vec4 v0x55e536b73c30_0;
    %cmp/u;
    %flag_mov 8, 5;
    %jmp/0 T_5.18, 8;
    %pushi/vec4 1, 0, 32;
    %jmp/1 T_5.19, 8;
T_5.18 ; End of true expr.
    %pushi/vec4 0, 0, 32;
    %jmp/0 T_5.19, 8;
 ; End of false expr.
    %blend;
T_5.19;
    %assign/vec4 v0x55e536b73e30_0, 0;
    %jmp T_5.15;
T_5.10 ;
    %load/vec4 v0x55e536b73b60_0;
    %load/vec4 v0x55e536b73d20_0;
    %cmp/s;
    %flag_mov 8, 5;
    %jmp/0 T_5.20, 8;
    %pushi/vec4 1, 0, 32;
    %jmp/1 T_5.21, 8;
T_5.20 ; End of true expr.
    %pushi/vec4 0, 0, 32;
    %jmp/0 T_5.21, 8;
 ; End of false expr.
    %blend;
T_5.21;
    %assign/vec4 v0x55e536b73e30_0, 0;
    %jmp T_5.15;
T_5.11 ;
    %load/vec4 v0x55e536b73c30_0;
    %load/vec4 v0x55e536b73a90_0;
    %cmp/u;
    %flag_or 5, 4;
    %flag_mov 8, 5;
    %jmp/0 T_5.22, 8;
    %pushi/vec4 1, 0, 32;
    %jmp/1 T_5.23, 8;
T_5.22 ; End of true expr.
    %pushi/vec4 0, 0, 32;
    %jmp/0 T_5.23, 8;
 ; End of false expr.
    %blend;
T_5.23;
    %assign/vec4 v0x55e536b73e30_0, 0;
    %jmp T_5.15;
T_5.12 ;
    %load/vec4 v0x55e536b73d20_0;
    %load/vec4 v0x55e536b73b60_0;
    %cmp/s;
    %flag_or 5, 4;
    %flag_mov 8, 5;
    %jmp/0 T_5.24, 8;
    %pushi/vec4 1, 0, 32;
    %jmp/1 T_5.25, 8;
T_5.24 ; End of true expr.
    %pushi/vec4 0, 0, 32;
    %jmp/0 T_5.25, 8;
 ; End of false expr.
    %blend;
T_5.25;
    %assign/vec4 v0x55e536b73e30_0, 0;
    %jmp T_5.15;
T_5.13 ;
    %load/vec4 v0x55e536b73b60_0;
    %load/vec4 v0x55e536b73d20_0;
    %add;
    %pushi/vec4 4294967294, 0, 32;
    %and;
    %assign/vec4 v0x55e536b73e30_0, 0;
    %jmp T_5.15;
T_5.15 ;
    %pop/vec4 1;
    %jmp T_5;
    .thread T_5, $push;
    .scope S_0x55e536b77090;
T_6 ;
    %wait E_0x55e536b77390;
    %load/vec4 v0x55e536b777e0_0;
    %dup/vec4;
    %pushi/vec4 0, 0, 2;
    %cmp/u;
    %jmp/1 T_6.0, 6;
    %dup/vec4;
    %pushi/vec4 1, 0, 2;
    %cmp/u;
    %jmp/1 T_6.1, 6;
    %dup/vec4;
    %pushi/vec4 2, 0, 2;
    %cmp/u;
    %jmp/1 T_6.2, 6;
    %dup/vec4;
    %pushi/vec4 3, 0, 2;
    %cmp/u;
    %jmp/1 T_6.3, 6;
    %jmp T_6.4;
T_6.0 ;
    %load/vec4 v0x55e536b77420_0;
    %assign/vec4 v0x55e536b778f0_0, 0;
    %jmp T_6.4;
T_6.1 ;
    %load/vec4 v0x55e536b77520_0;
    %assign/vec4 v0x55e536b778f0_0, 0;
    %jmp T_6.4;
T_6.2 ;
    %load/vec4 v0x55e536b77630_0;
    %assign/vec4 v0x55e536b778f0_0, 0;
    %jmp T_6.4;
T_6.3 ;
    %load/vec4 v0x55e536b776d0_0;
    %assign/vec4 v0x55e536b778f0_0, 0;
    %jmp T_6.4;
T_6.4 ;
    %pop/vec4 1;
    %jmp T_6;
    .thread T_6, $push;
    .scope S_0x55e536b74d80;
T_7 ;
    %wait E_0x55e536b750a0;
    %load/vec4 v0x55e536b754c0_0;
    %dup/vec4;
    %pushi/vec4 0, 0, 2;
    %cmp/u;
    %jmp/1 T_7.0, 6;
    %dup/vec4;
    %pushi/vec4 1, 0, 2;
    %cmp/u;
    %jmp/1 T_7.1, 6;
    %dup/vec4;
    %pushi/vec4 2, 0, 2;
    %cmp/u;
    %jmp/1 T_7.2, 6;
    %dup/vec4;
    %pushi/vec4 3, 0, 2;
    %cmp/u;
    %jmp/1 T_7.3, 6;
    %jmp T_7.4;
T_7.0 ;
    %load/vec4 v0x55e536b75130_0;
    %assign/vec4 v0x55e536b755d0_0, 0;
    %jmp T_7.4;
T_7.1 ;
    %load/vec4 v0x55e536b75230_0;
    %assign/vec4 v0x55e536b755d0_0, 0;
    %jmp T_7.4;
T_7.2 ;
    %load/vec4 v0x55e536b75320_0;
    %assign/vec4 v0x55e536b755d0_0, 0;
    %jmp T_7.4;
T_7.3 ;
    %load/vec4 v0x55e536b75420_0;
    %assign/vec4 v0x55e536b755d0_0, 0;
    %jmp T_7.4;
T_7.4 ;
    %pop/vec4 1;
    %jmp T_7;
    .thread T_7, $push;
    .scope S_0x55e536b27e30;
T_8 ;
    %pushi/vec4 0, 0, 3;
    %assign/vec4 v0x55e536b15700_0, 0;
    %pushi/vec4 0, 0, 1;
    %assign/vec4 v0x55e536b29d80_0, 0;
    %pushi/vec4 0, 0, 1;
    %assign/vec4 v0x55e536b71b50_0, 0;
    %pushi/vec4 0, 0, 1;
    %assign/vec4 v0x55e536b71cd0_0, 0;
    %pushi/vec4 0, 0, 1;
    %assign/vec4 v0x55e536b71d90_0, 0;
    %pushi/vec4 0, 0, 2;
    %assign/vec4 v0x55e536b71a70_0, 0;
    %pushi/vec4 0, 0, 2;
    %assign/vec4 v0x55e536b71990_0, 0;
    %pushi/vec4 0, 0, 3;
    %assign/vec4 v0x55e536b71630_0, 0;
    %pushi/vec4 0, 0, 4;
    %assign/vec4 v0x55e536ab6870_0, 0;
    %end;
    .thread T_8;
    .scope S_0x55e536b27e30;
T_9 ;
    %wait E_0x55e536b1fe60;
    %load/vec4 v0x55e536b718b0_0;
    %dup/vec4;
    %pushi/vec4 55, 0, 7;
    %cmp/u;
    %jmp/1 T_9.0, 6;
    %dup/vec4;
    %pushi/vec4 23, 0, 7;
    %cmp/u;
    %jmp/1 T_9.1, 6;
    %dup/vec4;
    %pushi/vec4 111, 0, 7;
    %cmp/u;
    %jmp/1 T_9.2, 6;
    %dup/vec4;
    %pushi/vec4 103, 0, 7;
    %cmp/u;
    %jmp/1 T_9.3, 6;
    %dup/vec4;
    %pushi/vec4 99, 0, 7;
    %cmp/u;
    %jmp/1 T_9.4, 6;
    %dup/vec4;
    %pushi/vec4 3, 0, 7;
    %cmp/u;
    %jmp/1 T_9.5, 6;
    %dup/vec4;
    %pushi/vec4 35, 0, 7;
    %cmp/u;
    %jmp/1 T_9.6, 6;
    %dup/vec4;
    %pushi/vec4 19, 0, 7;
    %cmp/u;
    %jmp/1 T_9.7, 6;
    %dup/vec4;
    %pushi/vec4 51, 0, 7;
    %cmp/u;
    %jmp/1 T_9.8, 6;
    %pushi/vec4 0, 0, 3;
    %assign/vec4 v0x55e536b15700_0, 0;
    %pushi/vec4 0, 0, 1;
    %assign/vec4 v0x55e536b29d80_0, 0;
    %pushi/vec4 0, 0, 1;
    %assign/vec4 v0x55e536b71b50_0, 0;
    %pushi/vec4 0, 0, 1;
    %assign/vec4 v0x55e536b71cd0_0, 0;
    %pushi/vec4 0, 0, 1;
    %assign/vec4 v0x55e536b71d90_0, 0;
    %pushi/vec4 0, 0, 2;
    %assign/vec4 v0x55e536b71a70_0, 0;
    %pushi/vec4 0, 0, 2;
    %assign/vec4 v0x55e536b71990_0, 0;
    %pushi/vec4 0, 0, 3;
    %assign/vec4 v0x55e536b71630_0, 0;
    %pushi/vec4 0, 0, 4;
    %assign/vec4 v0x55e536ab6870_0, 0;
    %jmp T_9.10;
T_9.0 ;
    %pushi/vec4 0, 0, 3;
    %assign/vec4 v0x55e536b15700_0, 0;
    %pushi/vec4 0, 0, 1;
    %assign/vec4 v0x55e536b29d80_0, 0;
    %pushi/vec4 0, 0, 1;
    %assign/vec4 v0x55e536b71cd0_0, 0;
    %pushi/vec4 0, 0, 1;
    %assign/vec4 v0x55e536b71d90_0, 0;
    %pushi/vec4 2, 0, 2;
    %assign/vec4 v0x55e536b71a70_0, 0;
    %pushi/vec4 0, 0, 2;
    %assign/vec4 v0x55e536b71990_0, 0;
    %pushi/vec4 0, 0, 3;
    %assign/vec4 v0x55e536b71630_0, 0;
    %pushi/vec4 0, 0, 4;
    %assign/vec4 v0x55e536ab6870_0, 0;
    %pushi/vec4 1, 0, 1;
    %assign/vec4 v0x55e536b71b50_0, 0;
    %jmp T_9.10;
T_9.1 ;
    %pushi/vec4 0, 0, 3;
    %assign/vec4 v0x55e536b15700_0, 0;
    %pushi/vec4 0, 0, 1;
    %assign/vec4 v0x55e536b29d80_0, 0;
    %pushi/vec4 1, 0, 1;
    %assign/vec4 v0x55e536b71b50_0, 0;
    %pushi/vec4 1, 0, 1;
    %assign/vec4 v0x55e536b71cd0_0, 0;
    %pushi/vec4 1, 0, 1;
    %assign/vec4 v0x55e536b71d90_0, 0;
    %pushi/vec4 1, 0, 2;
    %assign/vec4 v0x55e536b71a70_0, 0;
    %pushi/vec4 0, 0, 2;
    %assign/vec4 v0x55e536b71990_0, 0;
    %pushi/vec4 0, 0, 3;
    %assign/vec4 v0x55e536b71630_0, 0;
    %pushi/vec4 0, 0, 4;
    %assign/vec4 v0x55e536ab6870_0, 0;
    %jmp T_9.10;
T_9.2 ;
    %pushi/vec4 0, 0, 3;
    %assign/vec4 v0x55e536b15700_0, 0;
    %pushi/vec4 0, 0, 1;
    %assign/vec4 v0x55e536b29d80_0, 0;
    %pushi/vec4 1, 0, 1;
    %assign/vec4 v0x55e536b71b50_0, 0;
    %pushi/vec4 0, 0, 1;
    %assign/vec4 v0x55e536b71cd0_0, 0;
    %pushi/vec4 0, 0, 1;
    %assign/vec4 v0x55e536b71d90_0, 0;
    %pushi/vec4 3, 0, 2;
    %assign/vec4 v0x55e536b71a70_0, 0;
    %pushi/vec4 2, 0, 2;
    %assign/vec4 v0x55e536b71990_0, 0;
    %pushi/vec4 4, 0, 3;
    %assign/vec4 v0x55e536b71630_0, 0;
    %pushi/vec4 0, 0, 4;
    %assign/vec4 v0x55e536ab6870_0, 0;
    %jmp T_9.10;
T_9.3 ;
    %pushi/vec4 0, 0, 3;
    %assign/vec4 v0x55e536b15700_0, 0;
    %pushi/vec4 0, 0, 1;
    %assign/vec4 v0x55e536b29d80_0, 0;
    %pushi/vec4 1, 0, 1;
    %assign/vec4 v0x55e536b71b50_0, 0;
    %pushi/vec4 0, 0, 1;
    %assign/vec4 v0x55e536b71cd0_0, 0;
    %pushi/vec4 1, 0, 1;
    %assign/vec4 v0x55e536b71d90_0, 0;
    %pushi/vec4 3, 0, 2;
    %assign/vec4 v0x55e536b71a70_0, 0;
    %pushi/vec4 1, 0, 2;
    %assign/vec4 v0x55e536b71990_0, 0;
    %pushi/vec4 3, 0, 3;
    %assign/vec4 v0x55e536b71630_0, 0;
    %pushi/vec4 13, 0, 4;
    %assign/vec4 v0x55e536ab6870_0, 0;
    %jmp T_9.10;
T_9.4 ;
    %load/vec4 v0x55e536b29e20_0;
    %dup/vec4;
    %pushi/vec4 0, 0, 3;
    %cmp/u;
    %jmp/1 T_9.11, 6;
    %dup/vec4;
    %pushi/vec4 1, 0, 3;
    %cmp/u;
    %jmp/1 T_9.12, 6;
    %dup/vec4;
    %pushi/vec4 4, 0, 3;
    %cmp/u;
    %jmp/1 T_9.13, 6;
    %dup/vec4;
    %pushi/vec4 5, 0, 3;
    %cmp/u;
    %jmp/1 T_9.14, 6;
    %dup/vec4;
    %pushi/vec4 6, 0, 3;
    %cmp/u;
    %jmp/1 T_9.15, 6;
    %dup/vec4;
    %pushi/vec4 7, 0, 3;
    %cmp/u;
    %jmp/1 T_9.16, 6;
    %jmp T_9.17;
T_9.11 ;
    %pushi/vec4 0, 0, 3;
    %assign/vec4 v0x55e536b15700_0, 0;
    %pushi/vec4 0, 0, 1;
    %assign/vec4 v0x55e536b29d80_0, 0;
    %pushi/vec4 0, 0, 1;
    %assign/vec4 v0x55e536b71b50_0, 0;
    %pushi/vec4 0, 0, 1;
    %assign/vec4 v0x55e536b71cd0_0, 0;
    %pushi/vec4 0, 0, 1;
    %assign/vec4 v0x55e536b71d90_0, 0;
    %pushi/vec4 0, 0, 2;
    %assign/vec4 v0x55e536b71a70_0, 0;
    %load/vec4 v0x55e536b717f0_0;
    %cmpi/e 1, 0, 1;
    %flag_mov 8, 4;
    %jmp/0 T_9.18, 8;
    %pushi/vec4 2, 0, 2;
    %jmp/1 T_9.19, 8;
T_9.18 ; End of true expr.
    %pushi/vec4 0, 0, 2;
    %jmp/0 T_9.19, 8;
 ; End of false expr.
    %blend;
T_9.19;
    %assign/vec4 v0x55e536b71990_0, 0;
    %pushi/vec4 2, 0, 3;
    %assign/vec4 v0x55e536b71630_0, 0;
    %pushi/vec4 8, 0, 4;
    %assign/vec4 v0x55e536ab6870_0, 0;
    %jmp T_9.17;
T_9.12 ;
    %pushi/vec4 0, 0, 3;
    %assign/vec4 v0x55e536b15700_0, 0;
    %pushi/vec4 0, 0, 1;
    %assign/vec4 v0x55e536b29d80_0, 0;
    %pushi/vec4 0, 0, 1;
    %assign/vec4 v0x55e536b71b50_0, 0;
    %pushi/vec4 0, 0, 1;
    %assign/vec4 v0x55e536b71cd0_0, 0;
    %pushi/vec4 0, 0, 1;
    %assign/vec4 v0x55e536b71d90_0, 0;
    %pushi/vec4 0, 0, 2;
    %assign/vec4 v0x55e536b71a70_0, 0;
    %load/vec4 v0x55e536b717f0_0;
    %cmpi/e 0, 0, 1;
    %flag_mov 8, 4;
    %jmp/0 T_9.20, 8;
    %pushi/vec4 2, 0, 2;
    %jmp/1 T_9.21, 8;
T_9.20 ; End of true expr.
    %pushi/vec4 0, 0, 2;
    %jmp/0 T_9.21, 8;
 ; End of false expr.
    %blend;
T_9.21;
    %assign/vec4 v0x55e536b71990_0, 0;
    %pushi/vec4 2, 0, 3;
    %assign/vec4 v0x55e536b71630_0, 0;
    %pushi/vec4 8, 0, 4;
    %assign/vec4 v0x55e536ab6870_0, 0;
    %jmp T_9.17;
T_9.13 ;
    %pushi/vec4 0, 0, 3;
    %assign/vec4 v0x55e536b15700_0, 0;
    %pushi/vec4 0, 0, 1;
    %assign/vec4 v0x55e536b29d80_0, 0;
    %pushi/vec4 0, 0, 1;
    %assign/vec4 v0x55e536b71b50_0, 0;
    %pushi/vec4 0, 0, 1;
    %assign/vec4 v0x55e536b71cd0_0, 0;
    %pushi/vec4 0, 0, 1;
    %assign/vec4 v0x55e536b71d90_0, 0;
    %pushi/vec4 0, 0, 2;
    %assign/vec4 v0x55e536b71a70_0, 0;
    %load/vec4 v0x55e536b717f0_0;
    %cmpi/e 1, 0, 1;
    %flag_mov 8, 4;
    %jmp/0 T_9.22, 8;
    %pushi/vec4 2, 0, 2;
    %jmp/1 T_9.23, 8;
T_9.22 ; End of true expr.
    %pushi/vec4 0, 0, 2;
    %jmp/0 T_9.23, 8;
 ; End of false expr.
    %blend;
T_9.23;
    %assign/vec4 v0x55e536b71990_0, 0;
    %pushi/vec4 2, 0, 3;
    %assign/vec4 v0x55e536b71630_0, 0;
    %pushi/vec4 10, 0, 4;
    %assign/vec4 v0x55e536ab6870_0, 0;
    %jmp T_9.17;
T_9.14 ;
    %pushi/vec4 0, 0, 3;
    %assign/vec4 v0x55e536b15700_0, 0;
    %pushi/vec4 0, 0, 1;
    %assign/vec4 v0x55e536b29d80_0, 0;
    %pushi/vec4 0, 0, 1;
    %assign/vec4 v0x55e536b71b50_0, 0;
    %pushi/vec4 0, 0, 1;
    %assign/vec4 v0x55e536b71cd0_0, 0;
    %pushi/vec4 0, 0, 1;
    %assign/vec4 v0x55e536b71d90_0, 0;
    %pushi/vec4 0, 0, 2;
    %assign/vec4 v0x55e536b71a70_0, 0;
    %load/vec4 v0x55e536b717f0_0;
    %cmpi/e 1, 0, 1;
    %flag_mov 8, 4;
    %jmp/0 T_9.24, 8;
    %pushi/vec4 2, 0, 2;
    %jmp/1 T_9.25, 8;
T_9.24 ; End of true expr.
    %pushi/vec4 0, 0, 2;
    %jmp/0 T_9.25, 8;
 ; End of false expr.
    %blend;
T_9.25;
    %assign/vec4 v0x55e536b71990_0, 0;
    %pushi/vec4 2, 0, 3;
    %assign/vec4 v0x55e536b71630_0, 0;
    %pushi/vec4 12, 0, 4;
    %assign/vec4 v0x55e536ab6870_0, 0;
    %jmp T_9.17;
T_9.15 ;
    %pushi/vec4 0, 0, 3;
    %assign/vec4 v0x55e536b15700_0, 0;
    %pushi/vec4 0, 0, 1;
    %assign/vec4 v0x55e536b29d80_0, 0;
    %pushi/vec4 0, 0, 1;
    %assign/vec4 v0x55e536b71b50_0, 0;
    %pushi/vec4 0, 0, 1;
    %assign/vec4 v0x55e536b71cd0_0, 0;
    %pushi/vec4 0, 0, 1;
    %assign/vec4 v0x55e536b71d90_0, 0;
    %pushi/vec4 0, 0, 2;
    %assign/vec4 v0x55e536b71a70_0, 0;
    %load/vec4 v0x55e536b717f0_0;
    %cmpi/e 1, 0, 1;
    %flag_mov 8, 4;
    %jmp/0 T_9.26, 8;
    %pushi/vec4 2, 0, 2;
    %jmp/1 T_9.27, 8;
T_9.26 ; End of true expr.
    %pushi/vec4 0, 0, 2;
    %jmp/0 T_9.27, 8;
 ; End of false expr.
    %blend;
T_9.27;
    %assign/vec4 v0x55e536b71990_0, 0;
    %pushi/vec4 2, 0, 3;
    %assign/vec4 v0x55e536b71630_0, 0;
    %pushi/vec4 9, 0, 4;
    %assign/vec4 v0x55e536ab6870_0, 0;
    %jmp T_9.17;
T_9.16 ;
    %pushi/vec4 0, 0, 3;
    %assign/vec4 v0x55e536b15700_0, 0;
    %pushi/vec4 0, 0, 1;
    %assign/vec4 v0x55e536b29d80_0, 0;
    %pushi/vec4 0, 0, 1;
    %assign/vec4 v0x55e536b71b50_0, 0;
    %pushi/vec4 0, 0, 1;
    %assign/vec4 v0x55e536b71cd0_0, 0;
    %pushi/vec4 0, 0, 1;
    %assign/vec4 v0x55e536b71d90_0, 0;
    %pushi/vec4 0, 0, 2;
    %assign/vec4 v0x55e536b71a70_0, 0;
    %load/vec4 v0x55e536b717f0_0;
    %cmpi/e 1, 0, 1;
    %flag_mov 8, 4;
    %jmp/0 T_9.28, 8;
    %pushi/vec4 2, 0, 2;
    %jmp/1 T_9.29, 8;
T_9.28 ; End of true expr.
    %pushi/vec4 0, 0, 2;
    %jmp/0 T_9.29, 8;
 ; End of false expr.
    %blend;
T_9.29;
    %assign/vec4 v0x55e536b71990_0, 0;
    %pushi/vec4 2, 0, 3;
    %assign/vec4 v0x55e536b71630_0, 0;
    %pushi/vec4 11, 0, 4;
    %assign/vec4 v0x55e536ab6870_0, 0;
    %jmp T_9.17;
T_9.17 ;
    %pop/vec4 1;
    %jmp T_9.10;
T_9.5 ;
    %load/vec4 v0x55e536b29e20_0;
    %dup/vec4;
    %pushi/vec4 0, 0, 3;
    %cmp/u;
    %jmp/1 T_9.30, 6;
    %dup/vec4;
    %pushi/vec4 1, 0, 3;
    %cmp/u;
    %jmp/1 T_9.31, 6;
    %dup/vec4;
    %pushi/vec4 2, 0, 3;
    %cmp/u;
    %jmp/1 T_9.32, 6;
    %dup/vec4;
    %pushi/vec4 4, 0, 3;
    %cmp/u;
    %jmp/1 T_9.33, 6;
    %dup/vec4;
    %pushi/vec4 5, 0, 3;
    %cmp/u;
    %jmp/1 T_9.34, 6;
    %jmp T_9.35;
T_9.30 ;
    %pushi/vec4 6, 0, 3;
    %assign/vec4 v0x55e536b15700_0, 0;
    %pushi/vec4 0, 0, 1;
    %assign/vec4 v0x55e536b29d80_0, 0;
    %pushi/vec4 1, 0, 1;
    %assign/vec4 v0x55e536b71b50_0, 0;
    %pushi/vec4 0, 0, 1;
    %assign/vec4 v0x55e536b71cd0_0, 0;
    %pushi/vec4 1, 0, 1;
    %assign/vec4 v0x55e536b71d90_0, 0;
    %pushi/vec4 0, 0, 2;
    %assign/vec4 v0x55e536b71a70_0, 0;
    %pushi/vec4 0, 0, 2;
    %assign/vec4 v0x55e536b71990_0, 0;
    %pushi/vec4 3, 0, 3;
    %assign/vec4 v0x55e536b71630_0, 0;
    %pushi/vec4 0, 0, 4;
    %assign/vec4 v0x55e536ab6870_0, 0;
    %jmp T_9.35;
T_9.31 ;
    %pushi/vec4 5, 0, 3;
    %assign/vec4 v0x55e536b15700_0, 0;
    %pushi/vec4 0, 0, 1;
    %assign/vec4 v0x55e536b29d80_0, 0;
    %pushi/vec4 1, 0, 1;
    %assign/vec4 v0x55e536b71b50_0, 0;
    %pushi/vec4 0, 0, 1;
    %assign/vec4 v0x55e536b71cd0_0, 0;
    %pushi/vec4 1, 0, 1;
    %assign/vec4 v0x55e536b71d90_0, 0;
    %pushi/vec4 0, 0, 2;
    %assign/vec4 v0x55e536b71a70_0, 0;
    %pushi/vec4 0, 0, 2;
    %assign/vec4 v0x55e536b71990_0, 0;
    %pushi/vec4 3, 0, 3;
    %assign/vec4 v0x55e536b71630_0, 0;
    %pushi/vec4 0, 0, 4;
    %assign/vec4 v0x55e536ab6870_0, 0;
    %jmp T_9.35;
T_9.32 ;
    %pushi/vec4 0, 0, 3;
    %assign/vec4 v0x55e536b15700_0, 0;
    %pushi/vec4 0, 0, 1;
    %assign/vec4 v0x55e536b29d80_0, 0;
    %pushi/vec4 1, 0, 1;
    %assign/vec4 v0x55e536b71b50_0, 0;
    %pushi/vec4 0, 0, 1;
    %assign/vec4 v0x55e536b71cd0_0, 0;
    %pushi/vec4 1, 0, 1;
    %assign/vec4 v0x55e536b71d90_0, 0;
    %pushi/vec4 0, 0, 2;
    %assign/vec4 v0x55e536b71a70_0, 0;
    %pushi/vec4 0, 0, 2;
    %assign/vec4 v0x55e536b71990_0, 0;
    %pushi/vec4 3, 0, 3;
    %assign/vec4 v0x55e536b71630_0, 0;
    %pushi/vec4 0, 0, 4;
    %assign/vec4 v0x55e536ab6870_0, 0;
    %jmp T_9.35;
T_9.33 ;
    %pushi/vec4 2, 0, 3;
    %assign/vec4 v0x55e536b15700_0, 0;
    %pushi/vec4 0, 0, 1;
    %assign/vec4 v0x55e536b29d80_0, 0;
    %pushi/vec4 1, 0, 1;
    %assign/vec4 v0x55e536b71b50_0, 0;
    %pushi/vec4 0, 0, 1;
    %assign/vec4 v0x55e536b71cd0_0, 0;
    %pushi/vec4 1, 0, 1;
    %assign/vec4 v0x55e536b71d90_0, 0;
    %pushi/vec4 0, 0, 2;
    %assign/vec4 v0x55e536b71a70_0, 0;
    %pushi/vec4 0, 0, 2;
    %assign/vec4 v0x55e536b71990_0, 0;
    %pushi/vec4 3, 0, 3;
    %assign/vec4 v0x55e536b71630_0, 0;
    %pushi/vec4 0, 0, 4;
    %assign/vec4 v0x55e536ab6870_0, 0;
    %jmp T_9.35;
T_9.34 ;
    %pushi/vec4 1, 0, 3;
    %assign/vec4 v0x55e536b15700_0, 0;
    %pushi/vec4 0, 0, 1;
    %assign/vec4 v0x55e536b29d80_0, 0;
    %pushi/vec4 1, 0, 1;
    %assign/vec4 v0x55e536b71b50_0, 0;
    %pushi/vec4 0, 0, 1;
    %assign/vec4 v0x55e536b71cd0_0, 0;
    %pushi/vec4 1, 0, 1;
    %assign/vec4 v0x55e536b71d90_0, 0;
    %pushi/vec4 0, 0, 2;
    %assign/vec4 v0x55e536b71a70_0, 0;
    %pushi/vec4 0, 0, 2;
    %assign/vec4 v0x55e536b71990_0, 0;
    %pushi/vec4 3, 0, 3;
    %assign/vec4 v0x55e536b71630_0, 0;
    %pushi/vec4 0, 0, 4;
    %assign/vec4 v0x55e536ab6870_0, 0;
    %jmp T_9.35;
T_9.35 ;
    %pop/vec4 1;
    %jmp T_9.10;
T_9.6 ;
    %load/vec4 v0x55e536b29e20_0;
    %dup/vec4;
    %pushi/vec4 0, 0, 3;
    %cmp/u;
    %jmp/1 T_9.36, 6;
    %dup/vec4;
    %pushi/vec4 1, 0, 3;
    %cmp/u;
    %jmp/1 T_9.37, 6;
    %dup/vec4;
    %pushi/vec4 2, 0, 3;
    %cmp/u;
    %jmp/1 T_9.38, 6;
    %jmp T_9.39;
T_9.36 ;
    %pushi/vec4 2, 0, 3;
    %assign/vec4 v0x55e536b15700_0, 0;
    %pushi/vec4 1, 0, 1;
    %assign/vec4 v0x55e536b29d80_0, 0;
    %pushi/vec4 0, 0, 1;
    %assign/vec4 v0x55e536b71b50_0, 0;
    %pushi/vec4 0, 0, 1;
    %assign/vec4 v0x55e536b71cd0_0, 0;
    %pushi/vec4 1, 0, 1;
    %assign/vec4 v0x55e536b71d90_0, 0;
    %pushi/vec4 0, 0, 2;
    %assign/vec4 v0x55e536b71a70_0, 0;
    %pushi/vec4 0, 0, 2;
    %assign/vec4 v0x55e536b71990_0, 0;
    %pushi/vec4 1, 0, 3;
    %assign/vec4 v0x55e536b71630_0, 0;
    %pushi/vec4 0, 0, 4;
    %assign/vec4 v0x55e536ab6870_0, 0;
    %jmp T_9.39;
T_9.37 ;
    %pushi/vec4 1, 0, 3;
    %assign/vec4 v0x55e536b15700_0, 0;
    %pushi/vec4 1, 0, 1;
    %assign/vec4 v0x55e536b29d80_0, 0;
    %pushi/vec4 0, 0, 1;
    %assign/vec4 v0x55e536b71b50_0, 0;
    %pushi/vec4 0, 0, 1;
    %assign/vec4 v0x55e536b71cd0_0, 0;
    %pushi/vec4 1, 0, 1;
    %assign/vec4 v0x55e536b71d90_0, 0;
    %pushi/vec4 0, 0, 2;
    %assign/vec4 v0x55e536b71a70_0, 0;
    %pushi/vec4 0, 0, 2;
    %assign/vec4 v0x55e536b71990_0, 0;
    %pushi/vec4 1, 0, 3;
    %assign/vec4 v0x55e536b71630_0, 0;
    %pushi/vec4 0, 0, 4;
    %assign/vec4 v0x55e536ab6870_0, 0;
    %jmp T_9.39;
T_9.38 ;
    %pushi/vec4 0, 0, 3;
    %assign/vec4 v0x55e536b15700_0, 0;
    %pushi/vec4 1, 0, 1;
    %assign/vec4 v0x55e536b29d80_0, 0;
    %pushi/vec4 0, 0, 1;
    %assign/vec4 v0x55e536b71b50_0, 0;
    %pushi/vec4 0, 0, 1;
    %assign/vec4 v0x55e536b71cd0_0, 0;
    %pushi/vec4 1, 0, 1;
    %assign/vec4 v0x55e536b71d90_0, 0;
    %pushi/vec4 0, 0, 2;
    %assign/vec4 v0x55e536b71a70_0, 0;
    %pushi/vec4 0, 0, 2;
    %assign/vec4 v0x55e536b71990_0, 0;
    %pushi/vec4 1, 0, 3;
    %assign/vec4 v0x55e536b71630_0, 0;
    %pushi/vec4 0, 0, 4;
    %assign/vec4 v0x55e536ab6870_0, 0;
    %jmp T_9.39;
T_9.39 ;
    %pop/vec4 1;
    %jmp T_9.10;
T_9.7 ;
    %load/vec4 v0x55e536b29e20_0;
    %dup/vec4;
    %pushi/vec4 0, 0, 3;
    %cmp/u;
    %jmp/1 T_9.40, 6;
    %dup/vec4;
    %pushi/vec4 2, 0, 3;
    %cmp/u;
    %jmp/1 T_9.41, 6;
    %dup/vec4;
    %pushi/vec4 3, 0, 3;
    %cmp/u;
    %jmp/1 T_9.42, 6;
    %dup/vec4;
    %pushi/vec4 4, 0, 3;
    %cmp/u;
    %jmp/1 T_9.43, 6;
    %dup/vec4;
    %pushi/vec4 6, 0, 3;
    %cmp/u;
    %jmp/1 T_9.44, 6;
    %dup/vec4;
    %pushi/vec4 7, 0, 3;
    %cmp/u;
    %jmp/1 T_9.45, 6;
    %dup/vec4;
    %pushi/vec4 1, 0, 3;
    %cmp/u;
    %jmp/1 T_9.46, 6;
    %dup/vec4;
    %pushi/vec4 5, 0, 3;
    %cmp/u;
    %jmp/1 T_9.47, 6;
    %jmp T_9.48;
T_9.40 ;
    %pushi/vec4 0, 0, 3;
    %assign/vec4 v0x55e536b15700_0, 0;
    %pushi/vec4 0, 0, 1;
    %assign/vec4 v0x55e536b29d80_0, 0;
    %pushi/vec4 1, 0, 1;
    %assign/vec4 v0x55e536b71b50_0, 0;
    %pushi/vec4 0, 0, 1;
    %assign/vec4 v0x55e536b71cd0_0, 0;
    %pushi/vec4 1, 0, 1;
    %assign/vec4 v0x55e536b71d90_0, 0;
    %pushi/vec4 1, 0, 2;
    %assign/vec4 v0x55e536b71a70_0, 0;
    %pushi/vec4 0, 0, 2;
    %assign/vec4 v0x55e536b71990_0, 0;
    %pushi/vec4 3, 0, 3;
    %assign/vec4 v0x55e536b71630_0, 0;
    %pushi/vec4 0, 0, 4;
    %assign/vec4 v0x55e536ab6870_0, 0;
    %jmp T_9.48;
T_9.41 ;
    %pushi/vec4 0, 0, 3;
    %assign/vec4 v0x55e536b15700_0, 0;
    %pushi/vec4 0, 0, 1;
    %assign/vec4 v0x55e536b29d80_0, 0;
    %pushi/vec4 1, 0, 1;
    %assign/vec4 v0x55e536b71b50_0, 0;
    %pushi/vec4 0, 0, 1;
    %assign/vec4 v0x55e536b71cd0_0, 0;
    %pushi/vec4 1, 0, 1;
    %assign/vec4 v0x55e536b71d90_0, 0;
    %pushi/vec4 1, 0, 2;
    %assign/vec4 v0x55e536b71a70_0, 0;
    %pushi/vec4 0, 0, 2;
    %assign/vec4 v0x55e536b71990_0, 0;
    %pushi/vec4 3, 0, 3;
    %assign/vec4 v0x55e536b71630_0, 0;
    %pushi/vec4 10, 0, 4;
    %assign/vec4 v0x55e536ab6870_0, 0;
    %jmp T_9.48;
T_9.42 ;
    %pushi/vec4 0, 0, 3;
    %assign/vec4 v0x55e536b15700_0, 0;
    %pushi/vec4 0, 0, 1;
    %assign/vec4 v0x55e536b29d80_0, 0;
    %pushi/vec4 1, 0, 1;
    %assign/vec4 v0x55e536b71b50_0, 0;
    %pushi/vec4 0, 0, 1;
    %assign/vec4 v0x55e536b71cd0_0, 0;
    %pushi/vec4 1, 0, 1;
    %assign/vec4 v0x55e536b71d90_0, 0;
    %pushi/vec4 1, 0, 2;
    %assign/vec4 v0x55e536b71a70_0, 0;
    %pushi/vec4 0, 0, 2;
    %assign/vec4 v0x55e536b71990_0, 0;
    %pushi/vec4 3, 0, 3;
    %assign/vec4 v0x55e536b71630_0, 0;
    %pushi/vec4 9, 0, 4;
    %assign/vec4 v0x55e536ab6870_0, 0;
    %jmp T_9.48;
T_9.43 ;
    %pushi/vec4 0, 0, 3;
    %assign/vec4 v0x55e536b15700_0, 0;
    %pushi/vec4 0, 0, 1;
    %assign/vec4 v0x55e536b29d80_0, 0;
    %pushi/vec4 1, 0, 1;
    %assign/vec4 v0x55e536b71b50_0, 0;
    %pushi/vec4 0, 0, 1;
    %assign/vec4 v0x55e536b71cd0_0, 0;
    %pushi/vec4 1, 0, 1;
    %assign/vec4 v0x55e536b71d90_0, 0;
    %pushi/vec4 1, 0, 2;
    %assign/vec4 v0x55e536b71a70_0, 0;
    %pushi/vec4 0, 0, 2;
    %assign/vec4 v0x55e536b71990_0, 0;
    %pushi/vec4 3, 0, 3;
    %assign/vec4 v0x55e536b71630_0, 0;
    %pushi/vec4 4, 0, 4;
    %assign/vec4 v0x55e536ab6870_0, 0;
    %jmp T_9.48;
T_9.44 ;
    %pushi/vec4 0, 0, 3;
    %assign/vec4 v0x55e536b15700_0, 0;
    %pushi/vec4 0, 0, 1;
    %assign/vec4 v0x55e536b29d80_0, 0;
    %pushi/vec4 1, 0, 1;
    %assign/vec4 v0x55e536b71b50_0, 0;
    %pushi/vec4 0, 0, 1;
    %assign/vec4 v0x55e536b71cd0_0, 0;
    %pushi/vec4 1, 0, 1;
    %assign/vec4 v0x55e536b71d90_0, 0;
    %pushi/vec4 1, 0, 2;
    %assign/vec4 v0x55e536b71a70_0, 0;
    %pushi/vec4 0, 0, 2;
    %assign/vec4 v0x55e536b71990_0, 0;
    %pushi/vec4 3, 0, 3;
    %assign/vec4 v0x55e536b71630_0, 0;
    %pushi/vec4 3, 0, 4;
    %assign/vec4 v0x55e536ab6870_0, 0;
    %jmp T_9.48;
T_9.45 ;
    %pushi/vec4 0, 0, 3;
    %assign/vec4 v0x55e536b15700_0, 0;
    %pushi/vec4 0, 0, 1;
    %assign/vec4 v0x55e536b29d80_0, 0;
    %pushi/vec4 1, 0, 1;
    %assign/vec4 v0x55e536b71b50_0, 0;
    %pushi/vec4 0, 0, 1;
    %assign/vec4 v0x55e536b71cd0_0, 0;
    %pushi/vec4 1, 0, 1;
    %assign/vec4 v0x55e536b71d90_0, 0;
    %pushi/vec4 1, 0, 2;
    %assign/vec4 v0x55e536b71a70_0, 0;
    %pushi/vec4 0, 0, 2;
    %assign/vec4 v0x55e536b71990_0, 0;
    %pushi/vec4 3, 0, 3;
    %assign/vec4 v0x55e536b71630_0, 0;
    %pushi/vec4 2, 0, 4;
    %assign/vec4 v0x55e536ab6870_0, 0;
    %jmp T_9.48;
T_9.46 ;
    %load/vec4 v0x55e536b71550_0;
    %dup/vec4;
    %pushi/vec4 0, 0, 7;
    %cmp/u;
    %jmp/1 T_9.49, 6;
    %jmp T_9.50;
T_9.49 ;
    %pushi/vec4 0, 0, 3;
    %assign/vec4 v0x55e536b15700_0, 0;
    %pushi/vec4 0, 0, 1;
    %assign/vec4 v0x55e536b29d80_0, 0;
    %pushi/vec4 1, 0, 1;
    %assign/vec4 v0x55e536b71b50_0, 0;
    %pushi/vec4 0, 0, 1;
    %assign/vec4 v0x55e536b71cd0_0, 0;
    %pushi/vec4 1, 0, 1;
    %assign/vec4 v0x55e536b71d90_0, 0;
    %pushi/vec4 1, 0, 2;
    %assign/vec4 v0x55e536b71a70_0, 0;
    %pushi/vec4 0, 0, 2;
    %assign/vec4 v0x55e536b71990_0, 0;
    %pushi/vec4 3, 0, 3;
    %assign/vec4 v0x55e536b71630_0, 0;
    %pushi/vec4 5, 0, 4;
    %assign/vec4 v0x55e536ab6870_0, 0;
    %jmp T_9.50;
T_9.50 ;
    %pop/vec4 1;
    %jmp T_9.48;
T_9.47 ;
    %load/vec4 v0x55e536b71550_0;
    %dup/vec4;
    %pushi/vec4 0, 0, 7;
    %cmp/u;
    %jmp/1 T_9.51, 6;
    %dup/vec4;
    %pushi/vec4 32, 0, 7;
    %cmp/u;
    %jmp/1 T_9.52, 6;
    %jmp T_9.53;
T_9.51 ;
    %pushi/vec4 0, 0, 3;
    %assign/vec4 v0x55e536b15700_0, 0;
    %pushi/vec4 0, 0, 1;
    %assign/vec4 v0x55e536b29d80_0, 0;
    %pushi/vec4 1, 0, 1;
    %assign/vec4 v0x55e536b71b50_0, 0;
    %pushi/vec4 0, 0, 1;
    %assign/vec4 v0x55e536b71cd0_0, 0;
    %pushi/vec4 1, 0, 1;
    %assign/vec4 v0x55e536b71d90_0, 0;
    %pushi/vec4 1, 0, 2;
    %assign/vec4 v0x55e536b71a70_0, 0;
    %pushi/vec4 0, 0, 2;
    %assign/vec4 v0x55e536b71990_0, 0;
    %pushi/vec4 3, 0, 3;
    %assign/vec4 v0x55e536b71630_0, 0;
    %pushi/vec4 6, 0, 4;
    %assign/vec4 v0x55e536ab6870_0, 0;
    %jmp T_9.53;
T_9.52 ;
    %pushi/vec4 0, 0, 3;
    %assign/vec4 v0x55e536b15700_0, 0;
    %pushi/vec4 0, 0, 1;
    %assign/vec4 v0x55e536b29d80_0, 0;
    %pushi/vec4 1, 0, 1;
    %assign/vec4 v0x55e536b71b50_0, 0;
    %pushi/vec4 0, 0, 1;
    %assign/vec4 v0x55e536b71cd0_0, 0;
    %pushi/vec4 1, 0, 1;
    %assign/vec4 v0x55e536b71d90_0, 0;
    %pushi/vec4 1, 0, 2;
    %assign/vec4 v0x55e536b71a70_0, 0;
    %pushi/vec4 0, 0, 2;
    %assign/vec4 v0x55e536b71990_0, 0;
    %pushi/vec4 3, 0, 3;
    %assign/vec4 v0x55e536b71630_0, 0;
    %pushi/vec4 7, 0, 4;
    %assign/vec4 v0x55e536ab6870_0, 0;
    %jmp T_9.53;
T_9.53 ;
    %pop/vec4 1;
    %jmp T_9.48;
T_9.48 ;
    %pop/vec4 1;
    %jmp T_9.10;
T_9.8 ;
    %load/vec4 v0x55e536b29e20_0;
    %dup/vec4;
    %pushi/vec4 0, 0, 3;
    %cmp/u;
    %jmp/1 T_9.54, 6;
    %dup/vec4;
    %pushi/vec4 1, 0, 3;
    %cmp/u;
    %jmp/1 T_9.55, 6;
    %dup/vec4;
    %pushi/vec4 2, 0, 3;
    %cmp/u;
    %jmp/1 T_9.56, 6;
    %dup/vec4;
    %pushi/vec4 3, 0, 3;
    %cmp/u;
    %jmp/1 T_9.57, 6;
    %dup/vec4;
    %pushi/vec4 4, 0, 3;
    %cmp/u;
    %jmp/1 T_9.58, 6;
    %dup/vec4;
    %pushi/vec4 5, 0, 3;
    %cmp/u;
    %jmp/1 T_9.59, 6;
    %dup/vec4;
    %pushi/vec4 6, 0, 3;
    %cmp/u;
    %jmp/1 T_9.60, 6;
    %dup/vec4;
    %pushi/vec4 7, 0, 3;
    %cmp/u;
    %jmp/1 T_9.61, 6;
    %jmp T_9.62;
T_9.54 ;
    %load/vec4 v0x55e536b71550_0;
    %dup/vec4;
    %pushi/vec4 0, 0, 7;
    %cmp/u;
    %jmp/1 T_9.63, 6;
    %dup/vec4;
    %pushi/vec4 32, 0, 7;
    %cmp/u;
    %jmp/1 T_9.64, 6;
    %jmp T_9.65;
T_9.63 ;
    %pushi/vec4 0, 0, 3;
    %assign/vec4 v0x55e536b15700_0, 0;
    %pushi/vec4 0, 0, 1;
    %assign/vec4 v0x55e536b29d80_0, 0;
    %pushi/vec4 1, 0, 1;
    %assign/vec4 v0x55e536b71b50_0, 0;
    %pushi/vec4 0, 0, 1;
    %assign/vec4 v0x55e536b71cd0_0, 0;
    %pushi/vec4 0, 0, 1;
    %assign/vec4 v0x55e536b71d90_0, 0;
    %pushi/vec4 1, 0, 2;
    %assign/vec4 v0x55e536b71a70_0, 0;
    %pushi/vec4 0, 0, 2;
    %assign/vec4 v0x55e536b71990_0, 0;
    %pushi/vec4 0, 0, 3;
    %assign/vec4 v0x55e536b71630_0, 0;
    %pushi/vec4 0, 0, 4;
    %assign/vec4 v0x55e536ab6870_0, 0;
    %jmp T_9.65;
T_9.64 ;
    %pushi/vec4 0, 0, 3;
    %assign/vec4 v0x55e536b15700_0, 0;
    %pushi/vec4 0, 0, 1;
    %assign/vec4 v0x55e536b29d80_0, 0;
    %pushi/vec4 1, 0, 1;
    %assign/vec4 v0x55e536b71b50_0, 0;
    %pushi/vec4 0, 0, 1;
    %assign/vec4 v0x55e536b71cd0_0, 0;
    %pushi/vec4 0, 0, 1;
    %assign/vec4 v0x55e536b71d90_0, 0;
    %pushi/vec4 1, 0, 2;
    %assign/vec4 v0x55e536b71a70_0, 0;
    %pushi/vec4 0, 0, 2;
    %assign/vec4 v0x55e536b71990_0, 0;
    %pushi/vec4 0, 0, 3;
    %assign/vec4 v0x55e536b71630_0, 0;
    %pushi/vec4 1, 0, 4;
    %assign/vec4 v0x55e536ab6870_0, 0;
    %jmp T_9.65;
T_9.65 ;
    %pop/vec4 1;
    %jmp T_9.62;
T_9.55 ;
    %load/vec4 v0x55e536b71550_0;
    %dup/vec4;
    %pushi/vec4 0, 0, 7;
    %cmp/u;
    %jmp/1 T_9.66, 6;
    %jmp T_9.67;
T_9.66 ;
    %pushi/vec4 0, 0, 3;
    %assign/vec4 v0x55e536b15700_0, 0;
    %pushi/vec4 0, 0, 1;
    %assign/vec4 v0x55e536b29d80_0, 0;
    %pushi/vec4 1, 0, 1;
    %assign/vec4 v0x55e536b71b50_0, 0;
    %pushi/vec4 0, 0, 1;
    %assign/vec4 v0x55e536b71cd0_0, 0;
    %pushi/vec4 0, 0, 1;
    %assign/vec4 v0x55e536b71d90_0, 0;
    %pushi/vec4 1, 0, 2;
    %assign/vec4 v0x55e536b71a70_0, 0;
    %pushi/vec4 0, 0, 2;
    %assign/vec4 v0x55e536b71990_0, 0;
    %pushi/vec4 0, 0, 3;
    %assign/vec4 v0x55e536b71630_0, 0;
    %pushi/vec4 5, 0, 4;
    %assign/vec4 v0x55e536ab6870_0, 0;
    %jmp T_9.67;
T_9.67 ;
    %pop/vec4 1;
    %jmp T_9.62;
T_9.56 ;
    %load/vec4 v0x55e536b71550_0;
    %dup/vec4;
    %pushi/vec4 0, 0, 7;
    %cmp/u;
    %jmp/1 T_9.68, 6;
    %jmp T_9.69;
T_9.68 ;
    %pushi/vec4 0, 0, 3;
    %assign/vec4 v0x55e536b15700_0, 0;
    %pushi/vec4 0, 0, 1;
    %assign/vec4 v0x55e536b29d80_0, 0;
    %pushi/vec4 1, 0, 1;
    %assign/vec4 v0x55e536b71b50_0, 0;
    %pushi/vec4 0, 0, 1;
    %assign/vec4 v0x55e536b71cd0_0, 0;
    %pushi/vec4 0, 0, 1;
    %assign/vec4 v0x55e536b71d90_0, 0;
    %pushi/vec4 1, 0, 2;
    %assign/vec4 v0x55e536b71a70_0, 0;
    %pushi/vec4 0, 0, 2;
    %assign/vec4 v0x55e536b71990_0, 0;
    %pushi/vec4 0, 0, 3;
    %assign/vec4 v0x55e536b71630_0, 0;
    %pushi/vec4 10, 0, 4;
    %assign/vec4 v0x55e536ab6870_0, 0;
    %jmp T_9.69;
T_9.69 ;
    %pop/vec4 1;
    %jmp T_9.62;
T_9.57 ;
    %load/vec4 v0x55e536b71550_0;
    %dup/vec4;
    %pushi/vec4 0, 0, 7;
    %cmp/u;
    %jmp/1 T_9.70, 6;
    %jmp T_9.71;
T_9.70 ;
    %pushi/vec4 0, 0, 3;
    %assign/vec4 v0x55e536b15700_0, 0;
    %pushi/vec4 0, 0, 1;
    %assign/vec4 v0x55e536b29d80_0, 0;
    %pushi/vec4 1, 0, 1;
    %assign/vec4 v0x55e536b71b50_0, 0;
    %pushi/vec4 0, 0, 1;
    %assign/vec4 v0x55e536b71cd0_0, 0;
    %pushi/vec4 0, 0, 1;
    %assign/vec4 v0x55e536b71d90_0, 0;
    %pushi/vec4 1, 0, 2;
    %assign/vec4 v0x55e536b71a70_0, 0;
    %pushi/vec4 0, 0, 2;
    %assign/vec4 v0x55e536b71990_0, 0;
    %pushi/vec4 0, 0, 3;
    %assign/vec4 v0x55e536b71630_0, 0;
    %pushi/vec4 9, 0, 4;
    %assign/vec4 v0x55e536ab6870_0, 0;
    %jmp T_9.71;
T_9.71 ;
    %pop/vec4 1;
    %jmp T_9.62;
T_9.58 ;
    %load/vec4 v0x55e536b71550_0;
    %dup/vec4;
    %pushi/vec4 0, 0, 7;
    %cmp/u;
    %jmp/1 T_9.72, 6;
    %jmp T_9.73;
T_9.72 ;
    %pushi/vec4 0, 0, 3;
    %assign/vec4 v0x55e536b15700_0, 0;
    %pushi/vec4 0, 0, 1;
    %assign/vec4 v0x55e536b29d80_0, 0;
    %pushi/vec4 1, 0, 1;
    %assign/vec4 v0x55e536b71b50_0, 0;
    %pushi/vec4 0, 0, 1;
    %assign/vec4 v0x55e536b71cd0_0, 0;
    %pushi/vec4 0, 0, 1;
    %assign/vec4 v0x55e536b71d90_0, 0;
    %pushi/vec4 1, 0, 2;
    %assign/vec4 v0x55e536b71a70_0, 0;
    %pushi/vec4 0, 0, 2;
    %assign/vec4 v0x55e536b71990_0, 0;
    %pushi/vec4 0, 0, 3;
    %assign/vec4 v0x55e536b71630_0, 0;
    %pushi/vec4 4, 0, 4;
    %assign/vec4 v0x55e536ab6870_0, 0;
    %jmp T_9.73;
T_9.73 ;
    %pop/vec4 1;
    %jmp T_9.62;
T_9.59 ;
    %load/vec4 v0x55e536b71550_0;
    %dup/vec4;
    %pushi/vec4 0, 0, 7;
    %cmp/u;
    %jmp/1 T_9.74, 6;
    %dup/vec4;
    %pushi/vec4 32, 0, 7;
    %cmp/u;
    %jmp/1 T_9.75, 6;
    %jmp T_9.76;
T_9.74 ;
    %pushi/vec4 0, 0, 3;
    %assign/vec4 v0x55e536b15700_0, 0;
    %pushi/vec4 0, 0, 1;
    %assign/vec4 v0x55e536b29d80_0, 0;
    %pushi/vec4 1, 0, 1;
    %assign/vec4 v0x55e536b71b50_0, 0;
    %pushi/vec4 0, 0, 1;
    %assign/vec4 v0x55e536b71cd0_0, 0;
    %pushi/vec4 0, 0, 1;
    %assign/vec4 v0x55e536b71d90_0, 0;
    %pushi/vec4 1, 0, 2;
    %assign/vec4 v0x55e536b71a70_0, 0;
    %pushi/vec4 0, 0, 2;
    %assign/vec4 v0x55e536b71990_0, 0;
    %pushi/vec4 0, 0, 3;
    %assign/vec4 v0x55e536b71630_0, 0;
    %pushi/vec4 6, 0, 4;
    %assign/vec4 v0x55e536ab6870_0, 0;
    %jmp T_9.76;
T_9.75 ;
    %pushi/vec4 0, 0, 3;
    %assign/vec4 v0x55e536b15700_0, 0;
    %pushi/vec4 0, 0, 1;
    %assign/vec4 v0x55e536b29d80_0, 0;
    %pushi/vec4 1, 0, 1;
    %assign/vec4 v0x55e536b71b50_0, 0;
    %pushi/vec4 0, 0, 1;
    %assign/vec4 v0x55e536b71cd0_0, 0;
    %pushi/vec4 0, 0, 1;
    %assign/vec4 v0x55e536b71d90_0, 0;
    %pushi/vec4 1, 0, 2;
    %assign/vec4 v0x55e536b71a70_0, 0;
    %pushi/vec4 0, 0, 2;
    %assign/vec4 v0x55e536b71990_0, 0;
    %pushi/vec4 0, 0, 3;
    %assign/vec4 v0x55e536b71630_0, 0;
    %pushi/vec4 7, 0, 4;
    %assign/vec4 v0x55e536ab6870_0, 0;
    %jmp T_9.76;
T_9.76 ;
    %pop/vec4 1;
    %jmp T_9.62;
T_9.60 ;
    %load/vec4 v0x55e536b71550_0;
    %dup/vec4;
    %pushi/vec4 0, 0, 7;
    %cmp/u;
    %jmp/1 T_9.77, 6;
    %jmp T_9.78;
T_9.77 ;
    %pushi/vec4 0, 0, 3;
    %assign/vec4 v0x55e536b15700_0, 0;
    %pushi/vec4 0, 0, 1;
    %assign/vec4 v0x55e536b29d80_0, 0;
    %pushi/vec4 1, 0, 1;
    %assign/vec4 v0x55e536b71b50_0, 0;
    %pushi/vec4 0, 0, 1;
    %assign/vec4 v0x55e536b71cd0_0, 0;
    %pushi/vec4 0, 0, 1;
    %assign/vec4 v0x55e536b71d90_0, 0;
    %pushi/vec4 1, 0, 2;
    %assign/vec4 v0x55e536b71a70_0, 0;
    %pushi/vec4 0, 0, 2;
    %assign/vec4 v0x55e536b71990_0, 0;
    %pushi/vec4 0, 0, 3;
    %assign/vec4 v0x55e536b71630_0, 0;
    %pushi/vec4 3, 0, 4;
    %assign/vec4 v0x55e536ab6870_0, 0;
    %jmp T_9.78;
T_9.78 ;
    %pop/vec4 1;
    %jmp T_9.62;
T_9.61 ;
    %load/vec4 v0x55e536b71550_0;
    %dup/vec4;
    %pushi/vec4 0, 0, 7;
    %cmp/u;
    %jmp/1 T_9.79, 6;
    %jmp T_9.80;
T_9.79 ;
    %pushi/vec4 0, 0, 3;
    %assign/vec4 v0x55e536b15700_0, 0;
    %pushi/vec4 0, 0, 1;
    %assign/vec4 v0x55e536b29d80_0, 0;
    %pushi/vec4 1, 0, 1;
    %assign/vec4 v0x55e536b71b50_0, 0;
    %pushi/vec4 0, 0, 1;
    %assign/vec4 v0x55e536b71cd0_0, 0;
    %pushi/vec4 0, 0, 1;
    %assign/vec4 v0x55e536b71d90_0, 0;
    %pushi/vec4 1, 0, 2;
    %assign/vec4 v0x55e536b71a70_0, 0;
    %pushi/vec4 0, 0, 2;
    %assign/vec4 v0x55e536b71990_0, 0;
    %pushi/vec4 0, 0, 3;
    %assign/vec4 v0x55e536b71630_0, 0;
    %pushi/vec4 2, 0, 4;
    %assign/vec4 v0x55e536ab6870_0, 0;
    %jmp T_9.80;
T_9.80 ;
    %pop/vec4 1;
    %jmp T_9.62;
T_9.62 ;
    %pop/vec4 1;
    %jmp T_9.10;
T_9.10 ;
    %pop/vec4 1;
    %jmp T_9;
    .thread T_9, $push;
    .scope S_0x55e536b7a210;
T_10 ;
    %pushi/vec4 0, 0, 32;
    %store/vec4 v0x55e536b7a9d0_0, 0, 32;
    %end;
    .thread T_10;
    .scope S_0x55e536b7a210;
T_11 ;
    %pushi/vec4 0, 0, 32;
    %store/vec4 v0x55e536b7a710_0, 0, 32;
T_11.0 ;
    %load/vec4 v0x55e536b7a710_0;
    %cmpi/s 256, 0, 32;
    %jmp/0xz T_11.1, 5;
    %pushi/vec4 0, 0, 8;
    %ix/getv/s 3, v0x55e536b7a710_0;
    %ix/load 4, 0, 0; Constant delay
    %assign/vec4/a/d v0x55e536b7a7b0, 0, 4;
    %load/vec4 v0x55e536b7a710_0;
    %addi 1, 0, 32;
    %store/vec4 v0x55e536b7a710_0, 0, 32;
    %jmp T_11.0;
T_11.1 ;
    %end;
    .thread T_11;
    .scope S_0x55e536b7a210;
T_12 ;
    %wait E_0x55e536b7a530;
    %load/vec4 v0x55e536b7ac40_0;
    %flag_set/vec4 8;
    %jmp/0xz  T_12.0, 8;
    %load/vec4 v0x55e536b7a870_0;
    %dup/vec4;
    %pushi/vec4 0, 0, 3;
    %cmp/u;
    %jmp/1 T_12.2, 6;
    %dup/vec4;
    %pushi/vec4 1, 0, 3;
    %cmp/u;
    %jmp/1 T_12.3, 6;
    %dup/vec4;
    %pushi/vec4 5, 0, 3;
    %cmp/u;
    %jmp/1 T_12.4, 6;
    %dup/vec4;
    %pushi/vec4 2, 0, 3;
    %cmp/u;
    %jmp/1 T_12.5, 6;
    %dup/vec4;
    %pushi/vec4 6, 0, 3;
    %cmp/u;
    %jmp/1 T_12.6, 6;
    %load/vec4 v0x55e536b7ab30_0;
    %split/vec4 8;
    %load/vec4 v0x55e536b7a590_0;
    %pad/u 33;
    %addi 3, 0, 33;
    %ix/vec4 3;
    %ix/load 4, 0, 0; Constant delay
    %assign/vec4/a/d v0x55e536b7a7b0, 0, 4;
    %split/vec4 8;
    %load/vec4 v0x55e536b7a590_0;
    %pad/u 33;
    %addi 2, 0, 33;
    %ix/vec4 3;
    %ix/load 4, 0, 0; Constant delay
    %assign/vec4/a/d v0x55e536b7a7b0, 0, 4;
    %split/vec4 8;
    %load/vec4 v0x55e536b7a590_0;
    %pad/u 33;
    %addi 1, 0, 33;
    %ix/vec4 3;
    %ix/load 4, 0, 0; Constant delay
    %assign/vec4/a/d v0x55e536b7a7b0, 0, 4;
    %ix/getv 3, v0x55e536b7a590_0;
    %ix/load 4, 0, 0; Constant delay
    %assign/vec4/a/d v0x55e536b7a7b0, 0, 4;
    %jmp T_12.8;
T_12.2 ;
    %load/vec4 v0x55e536b7ab30_0;
    %split/vec4 8;
    %load/vec4 v0x55e536b7a590_0;
    %pad/u 33;
    %addi 3, 0, 33;
    %ix/vec4 3;
    %ix/load 4, 0, 0; Constant delay
    %assign/vec4/a/d v0x55e536b7a7b0, 0, 4;
    %split/vec4 8;
    %load/vec4 v0x55e536b7a590_0;
    %pad/u 33;
    %addi 2, 0, 33;
    %ix/vec4 3;
    %ix/load 4, 0, 0; Constant delay
    %assign/vec4/a/d v0x55e536b7a7b0, 0, 4;
    %split/vec4 8;
    %load/vec4 v0x55e536b7a590_0;
    %pad/u 33;
    %addi 1, 0, 33;
    %ix/vec4 3;
    %ix/load 4, 0, 0; Constant delay
    %assign/vec4/a/d v0x55e536b7a7b0, 0, 4;
    %ix/getv 3, v0x55e536b7a590_0;
    %ix/load 4, 0, 0; Constant delay
    %assign/vec4/a/d v0x55e536b7a7b0, 0, 4;
    %jmp T_12.8;
T_12.3 ;
    %load/vec4 v0x55e536b7ab30_0;
    %parti/s 16, 0, 2;
    %split/vec4 8;
    %load/vec4 v0x55e536b7a590_0;
    %pad/u 33;
    %addi 1, 0, 33;
    %ix/vec4 3;
    %ix/load 4, 0, 0; Constant delay
    %assign/vec4/a/d v0x55e536b7a7b0, 0, 4;
    %ix/getv 3, v0x55e536b7a590_0;
    %ix/load 4, 0, 0; Constant delay
    %assign/vec4/a/d v0x55e536b7a7b0, 0, 4;
    %jmp T_12.8;
T_12.4 ;
    %load/vec4 v0x55e536b7ab30_0;
    %parti/s 16, 0, 2;
    %split/vec4 8;
    %load/vec4 v0x55e536b7a590_0;
    %pad/u 33;
    %addi 1, 0, 33;
    %ix/vec4 3;
    %ix/load 4, 0, 0; Constant delay
    %assign/vec4/a/d v0x55e536b7a7b0, 0, 4;
    %ix/getv 3, v0x55e536b7a590_0;
    %ix/load 4, 0, 0; Constant delay
    %assign/vec4/a/d v0x55e536b7a7b0, 0, 4;
    %jmp T_12.8;
T_12.5 ;
    %load/vec4 v0x55e536b7ab30_0;
    %parti/s 8, 0, 2;
    %ix/getv 3, v0x55e536b7a590_0;
    %ix/load 4, 0, 0; Constant delay
    %assign/vec4/a/d v0x55e536b7a7b0, 0, 4;
    %jmp T_12.8;
T_12.6 ;
    %load/vec4 v0x55e536b7ab30_0;
    %parti/s 8, 0, 2;
    %ix/getv 3, v0x55e536b7a590_0;
    %ix/load 4, 0, 0; Constant delay
    %assign/vec4/a/d v0x55e536b7a7b0, 0, 4;
    %jmp T_12.8;
T_12.8 ;
    %pop/vec4 1;
T_12.0 ;
    %jmp T_12;
    .thread T_12;
    .scope S_0x55e536b7a210;
T_13 ;
    %wait E_0x55e536b7a4d0;
    %load/vec4 v0x55e536b7a870_0;
    %dup/vec4;
    %pushi/vec4 0, 0, 3;
    %cmp/u;
    %jmp/1 T_13.0, 6;
    %dup/vec4;
    %pushi/vec4 1, 0, 3;
    %cmp/u;
    %jmp/1 T_13.1, 6;
    %dup/vec4;
    %pushi/vec4 5, 0, 3;
    %cmp/u;
    %jmp/1 T_13.2, 6;
    %dup/vec4;
    %pushi/vec4 2, 0, 3;
    %cmp/u;
    %jmp/1 T_13.3, 6;
    %dup/vec4;
    %pushi/vec4 6, 0, 3;
    %cmp/u;
    %jmp/1 T_13.4, 6;
    %ix/getv 4, v0x55e536b7a590_0;
    %load/vec4a v0x55e536b7a7b0, 4;
    %load/vec4 v0x55e536b7a590_0;
    %pad/u 33;
    %addi 1, 0, 33;
    %ix/vec4 4;
    %load/vec4a v0x55e536b7a7b0, 4;
    %concat/vec4; draw_concat_vec4
    %load/vec4 v0x55e536b7a590_0;
    %pad/u 33;
    %addi 2, 0, 33;
    %ix/vec4 4;
    %load/vec4a v0x55e536b7a7b0, 4;
    %concat/vec4; draw_concat_vec4
    %load/vec4 v0x55e536b7a590_0;
    %pad/u 33;
    %addi 3, 0, 33;
    %ix/vec4 4;
    %load/vec4a v0x55e536b7a7b0, 4;
    %concat/vec4; draw_concat_vec4
    %assign/vec4 v0x55e536b7a9d0_0, 0;
    %jmp T_13.6;
T_13.0 ;
    %ix/getv 4, v0x55e536b7a590_0;
    %load/vec4a v0x55e536b7a7b0, 4;
    %load/vec4 v0x55e536b7a590_0;
    %pad/u 33;
    %addi 1, 0, 33;
    %ix/vec4 4;
    %load/vec4a v0x55e536b7a7b0, 4;
    %concat/vec4; draw_concat_vec4
    %load/vec4 v0x55e536b7a590_0;
    %pad/u 33;
    %addi 2, 0, 33;
    %ix/vec4 4;
    %load/vec4a v0x55e536b7a7b0, 4;
    %concat/vec4; draw_concat_vec4
    %load/vec4 v0x55e536b7a590_0;
    %pad/u 33;
    %addi 3, 0, 33;
    %ix/vec4 4;
    %load/vec4a v0x55e536b7a7b0, 4;
    %concat/vec4; draw_concat_vec4
    %assign/vec4 v0x55e536b7a9d0_0, 0;
    %jmp T_13.6;
T_13.1 ;
    %pushi/vec4 0, 0, 16;
    %ix/getv 4, v0x55e536b7a590_0;
    %load/vec4a v0x55e536b7a7b0, 4;
    %concat/vec4; draw_concat_vec4
    %load/vec4 v0x55e536b7a590_0;
    %pad/u 33;
    %addi 1, 0, 33;
    %ix/vec4 4;
    %load/vec4a v0x55e536b7a7b0, 4;
    %concat/vec4; draw_concat_vec4
    %assign/vec4 v0x55e536b7a9d0_0, 0;
    %jmp T_13.6;
T_13.2 ;
    %ix/getv 4, v0x55e536b7a590_0;
    %load/vec4a v0x55e536b7a7b0, 4;
    %parti/s 1, 7, 4;
    %replicate 16;
    %ix/getv 4, v0x55e536b7a590_0;
    %load/vec4a v0x55e536b7a7b0, 4;
    %concat/vec4; draw_concat_vec4
    %load/vec4 v0x55e536b7a590_0;
    %pad/u 33;
    %addi 1, 0, 33;
    %ix/vec4 4;
    %load/vec4a v0x55e536b7a7b0, 4;
    %concat/vec4; draw_concat_vec4
    %assign/vec4 v0x55e536b7a9d0_0, 0;
    %jmp T_13.6;
T_13.3 ;
    %pushi/vec4 0, 0, 24;
    %ix/getv 4, v0x55e536b7a590_0;
    %load/vec4a v0x55e536b7a7b0, 4;
    %concat/vec4; draw_concat_vec4
    %assign/vec4 v0x55e536b7a9d0_0, 0;
    %jmp T_13.6;
T_13.4 ;
    %ix/getv 4, v0x55e536b7a590_0;
    %load/vec4a v0x55e536b7a7b0, 4;
    %parti/s 1, 7, 4;
    %replicate 24;
    %ix/getv 4, v0x55e536b7a590_0;
    %load/vec4a v0x55e536b7a7b0, 4;
    %concat/vec4; draw_concat_vec4
    %assign/vec4 v0x55e536b7a9d0_0, 0;
    %jmp T_13.6;
T_13.6 ;
    %pop/vec4 1;
    %jmp T_13;
    .thread T_13;
    .scope S_0x55e536b7a210;
T_14 ;
    %wait E_0x55e536b7a470;
    %load/vec4 v0x55e536b7aa90_0;
    %flag_set/vec4 8;
    %jmp/0xz  T_14.0, 8;
    %pushi/vec4 0, 0, 32;
    %store/vec4 v0x55e536b7a710_0, 0, 32;
T_14.2 ;
    %load/vec4 v0x55e536b7a710_0;
    %cmpi/s 256, 0, 32;
    %jmp/0xz T_14.3, 5;
    %pushi/vec4 0, 0, 8;
    %ix/getv/s 3, v0x55e536b7a710_0;
    %ix/load 4, 0, 0; Constant delay
    %assign/vec4/a/d v0x55e536b7a7b0, 0, 4;
    %load/vec4 v0x55e536b7a710_0;
    %addi 1, 0, 32;
    %store/vec4 v0x55e536b7a710_0, 0, 32;
    %jmp T_14.2;
T_14.3 ;
T_14.0 ;
    %jmp T_14;
    .thread T_14;
    .scope S_0x55e536b7ae00;
T_15 ;
    %vpi_call 15 25 "$readmemh", P_0x55e536b7afe0, v0x55e536b7b580 {0 0 0};
    %end;
    .thread T_15;
    .scope S_0x55e536b59110;
T_16 ;
    %pushi/vec4 0, 0, 1;
    %assign/vec4 v0x55e536b7c050_0, 0;
    %delay 2, 0;
    %pushi/vec4 1, 0, 1;
    %assign/vec4 v0x55e536b7c050_0, 0;
    %delay 2, 0;
    %jmp T_16;
    .thread T_16;
    .scope S_0x55e536b59110;
T_17 ;
    %pushi/vec4 1, 0, 1;
    %assign/vec4 v0x55e536b7c0f0_0, 0;
    %delay 4, 0;
    %pushi/vec4 0, 0, 1;
    %assign/vec4 v0x55e536b7c0f0_0, 0;
    %delay 12, 0;
    %vpi_call 2 20 "$finish" {0 0 0};
    %end;
    .thread T_17;
    .scope S_0x55e536b59110;
T_18 ;
    %vpi_call 2 24 "$dumpfile", "top_tb.vcd" {0 0 0};
    %vpi_call 2 25 "$dumpvars", 32'sb00000000000000000000000000000000, S_0x55e536b59110 {0 0 0};
    %end;
    .thread T_18;
# The file index is used to find the file name in the following table.
:file_names 16;
    "N/A";
    "<interactive>";
    "top_tb.v";
    "/home/pigeonlord9000/Desktop/Single-Cycle-RV32I/Top.v";
    "/home/pigeonlord9000/Desktop/Single-Cycle-RV32I/Single_Cycle_RV32I.v";
    "/home/pigeonlord9000/Desktop/Single-Cycle-RV32I/control_logic.v";
    "/home/pigeonlord9000/Desktop/Single-Cycle-RV32I/datapath.v";
    "/home/pigeonlord9000/Desktop/Single-Cycle-RV32I/mux2.v";
    "/home/pigeonlord9000/Desktop/Single-Cycle-RV32I/adder.v";
    "/home/pigeonlord9000/Desktop/Single-Cycle-RV32I/alu32.v";
    "/home/pigeonlord9000/Desktop/Single-Cycle-RV32I/extend.v";
    "/home/pigeonlord9000/Desktop/Single-Cycle-RV32I/flopr.v";
    "/home/pigeonlord9000/Desktop/Single-Cycle-RV32I/mux4.v";
    "/home/pigeonlord9000/Desktop/Single-Cycle-RV32I/regfile.v";
    "/home/pigeonlord9000/Desktop/Single-Cycle-RV32I/dmem.v";
    "/home/pigeonlord9000/Desktop/Single-Cycle-RV32I/imem.v";
